Tue Jul 24 06:24:28 GMT 2018
com.oracle.truffle.r.runtime.RInternalError: not implemented: .Internal file.choose
	at com.oracle.truffle.r.runtime.RInternalError.unimplemented(RInternalError.java:108)
	at com.oracle.truffle.r.nodes.builtin.InternalNode$InternalUninitializedNode.execute(InternalNode.java:139)
	at com.oracle.truffle.r.runtime.nodes.RNode.visibleExecute(RNode.java:74)
	at com.oracle.truffle.r.nodes.function.FunctionBodyNode.visibleExecute(FunctionBodyNode.java:58)
	at com.oracle.truffle.r.nodes.function.FunctionDefinitionNode.execute(FunctionDefinitionNode.java:275)
	at org.graalvm.compiler.truffle.runtime.OptimizedCallTarget.callProxy(OptimizedCallTarget.java:262)
	at org.graalvm.compiler.truffle.runtime.OptimizedCallTarget.callRoot(OptimizedCallTarget.java:251)
	at org.graalvm.compiler.truffle.runtime.OptimizedCallTarget.callBoundary(OptimizedCallTarget.java:241)
	at org.graalvm.compiler.truffle.runtime.OptimizedCallTarget.doInvoke(OptimizedCallTarget.java:226)
	at org.graalvm.compiler.truffle.runtime.OptimizedCallTarget.callDirect(OptimizedCallTarget.java:209)
	at org.graalvm.compiler.truffle.runtime.OptimizedDirectCallNode.callProxy(OptimizedDirectCallNode.java:86)
	at org.graalvm.compiler.truffle.runtime.OptimizedDirectCallNode.call(OptimizedDirectCallNode.java:70)
	at com.oracle.truffle.r.nodes.function.call.CallRFunctionNode.execute(CallRFunctionNode.java:59)
	at com.oracle.truffle.r.nodes.function.RCallNode$DispatchedCallNode.execute(RCallNode.java:1167)
	at com.oracle.truffle.r.nodes.function.RCallNode$FunctionDispatch.dispatch(RCallNode.java:892)
	at com.oracle.truffle.r.nodes.function.RCallNodeGen$FunctionDispatchNodeGen.executeAndSpecialize(RCallNodeGen.java:708)
	at com.oracle.truffle.r.nodes.function.RCallNodeGen$FunctionDispatchNodeGen.execute(RCallNodeGen.java:672)
	at com.oracle.truffle.r.nodes.function.RCallNode.call(RCallNode.java:279)
	at com.oracle.truffle.r.nodes.function.RCallNodeGen.executeAndSpecialize(RCallNodeGen.java:222)
	at com.oracle.truffle.r.nodes.function.RCallNodeGen.execute(RCallNodeGen.java:206)
	at com.oracle.truffle.r.runtime.nodes.RNode.visibleExecute(RNode.java:74)
	at com.oracle.truffle.r.nodes.function.WrapArgumentBaseNode.visibleExecute(WrapArgumentBaseNode.java:63)
	at com.oracle.truffle.r.nodes.InlineCacheNode.doCached(InlineCacheNode.java:70)
	at com.oracle.truffle.r.nodes.InlineCacheNodeGen.executeAndSpecialize(InlineCacheNodeGen.java:83)
	at com.oracle.truffle.r.nodes.InlineCacheNodeGen.execute(InlineCacheNodeGen.java:46)
	at com.oracle.truffle.r.nodes.function.PromiseHelperNode.generateValueDefault(PromiseHelperNode.java:169)
	at com.oracle.truffle.r.nodes.function.PromiseHelperNode.evaluate(PromiseHelperNode.java:151)
	at com.oracle.truffle.r.nodes.function.PromiseHelperNode.generateValueNonDefault(PromiseHelperNode.java:190)
	at com.oracle.truffle.r.nodes.function.PromiseHelperNode.evaluate(PromiseHelperNode.java:153)
	at com.oracle.truffle.r.nodes.access.variables.ReadVariableNode.executeInternal(ReadVariableNode.java:267)
	at com.oracle.truffle.r.nodes.access.variables.LookupNode.execute(ReadVariableNode.java:102)
	at com.oracle.truffle.r.nodes.function.PromiseNode$InlinedSuppliedArgumentNode.execute(PromiseNode.java:228)
	at com.oracle.truffle.r.nodes.function.call.PrepareArguments$PrepareArgumentsDefault.executeArgs(PrepareArguments.java:95)
	at com.oracle.truffle.r.nodes.function.call.PrepareArguments$PrepareArgumentsDefault.prepare(PrepareArguments.java:113)
	at com.oracle.truffle.r.nodes.function.call.PrepareArgumentsFactory$PrepareArgumentsDefaultNodeGen.executeAndSpecialize(PrepareArgumentsFactory.java:95)
	at com.oracle.truffle.r.nodes.function.call.PrepareArgumentsFactory$PrepareArgumentsDefaultNodeGen.execute(PrepareArgumentsFactory.java:56)
	at com.oracle.truffle.r.nodes.function.RCallNode$FunctionDispatch.dispatch(RCallNode.java:891)
	at com.oracle.truffle.r.nodes.function.RCallNodeGen$FunctionDispatchNodeGen.executeAndSpecialize(RCallNodeGen.java:708)
	at com.oracle.truffle.r.nodes.function.RCallNodeGen$FunctionDispatchNodeGen.execute(RCallNodeGen.java:672)
	at com.oracle.truffle.r.nodes.function.RCallNode.call(RCallNode.java:279)
	at com.oracle.truffle.r.nodes.function.RCallNodeGen.executeAndSpecialize(RCallNodeGen.java:222)
	at com.oracle.truffle.r.nodes.function.RCallNodeGen.execute(RCallNodeGen.java:206)
	at com.oracle.truffle.r.nodes.unary.ConvertBooleanNodeGen.executeByte_generic3(ConvertBooleanNodeGen.java:160)
	at com.oracle.truffle.r.nodes.unary.ConvertBooleanNodeGen.executeByte(ConvertBooleanNodeGen.java:121)
	at com.oracle.truffle.r.nodes.control.IfNode.evaluateCondition(IfNode.java:57)
	at com.oracle.truffle.r.nodes.control.IfNode.voidExecute(IfNode.java:68)
	at com.oracle.truffle.r.nodes.control.BlockNode.visibleExecute(BlockNode.java:86)
	at com.oracle.truffle.r.nodes.function.FunctionBodyNode.visibleExecute(FunctionBodyNode.java:58)
	at com.oracle.truffle.r.nodes.function.FunctionDefinitionNode.execute(FunctionDefinitionNode.java:275)
	at org.graalvm.compiler.truffle.runtime.OptimizedCallTarget.callProxy(OptimizedCallTarget.java:262)
	at org.graalvm.compiler.truffle.runtime.OptimizedCallTarget.callRoot(OptimizedCallTarget.java:251)
	at org.graalvm.compiler.truffle.runtime.OptimizedCallTarget.callBoundary(OptimizedCallTarget.java:241)
	at org.graalvm.compiler.truffle.runtime.OptimizedCallTarget.doInvoke(OptimizedCallTarget.java:226)
	at org.graalvm.compiler.truffle.runtime.OptimizedCallTarget.callDirect(OptimizedCallTarget.java:209)
	at org.graalvm.compiler.truffle.runtime.OptimizedDirectCallNode.callProxy(OptimizedDirectCallNode.java:86)
	at org.graalvm.compiler.truffle.runtime.OptimizedDirectCallNode.call(OptimizedDirectCallNode.java:70)
	at com.oracle.truffle.r.nodes.function.call.CallRFunctionNode.execute(CallRFunctionNode.java:59)
	at com.oracle.truffle.r.nodes.function.RCallNode$DispatchedCallNode.execute(RCallNode.java:1167)
	at com.oracle.truffle.r.nodes.function.RCallNode$FunctionDispatch.dispatch(RCallNode.java:892)
	at com.oracle.truffle.r.nodes.function.RCallNodeGen$FunctionDispatchNodeGen.executeAndSpecialize(RCallNodeGen.java:708)
	at com.oracle.truffle.r.nodes.function.RCallNodeGen$FunctionDispatchNodeGen.execute(RCallNodeGen.java:672)
	at com.oracle.truffle.r.nodes.function.RCallNode.call(RCallNode.java:279)
	at com.oracle.truffle.r.nodes.function.RCallNodeGen.executeAndSpecialize(RCallNodeGen.java:222)
	at com.oracle.truffle.r.nodes.function.RCallNodeGen.execute(RCallNodeGen.java:206)
	at com.oracle.truffle.r.runtime.nodes.RNode.visibleExecute(RNode.java:74)
	at com.oracle.truffle.r.nodes.function.FunctionBodyNode.visibleExecute(FunctionBodyNode.java:58)
	at com.oracle.truffle.r.nodes.function.FunctionDefinitionNode.execute(FunctionDefinitionNode.java:275)
	at org.graalvm.compiler.truffle.runtime.OptimizedCallTarget.callProxy(OptimizedCallTarget.java:262)
	at org.graalvm.compiler.truffle.runtime.OptimizedCallTarget.callRoot(OptimizedCallTarget.java:251)
	at org.graalvm.compiler.truffle.runtime.OptimizedCallTarget.callBoundary(OptimizedCallTarget.java:241)
	at org.graalvm.compiler.truffle.runtime.OptimizedCallTarget.doInvoke(OptimizedCallTarget.java:226)
	at org.graalvm.compiler.truffle.runtime.OptimizedCallTarget.callDirect(OptimizedCallTarget.java:209)
	at org.graalvm.compiler.truffle.runtime.OptimizedDirectCallNode.callProxy(OptimizedDirectCallNode.java:86)
	at org.graalvm.compiler.truffle.runtime.OptimizedDirectCallNode.call(OptimizedDirectCallNode.java:70)
	at com.oracle.truffle.r.nodes.function.call.CallRFunctionNode.execute(CallRFunctionNode.java:59)
	at com.oracle.truffle.r.nodes.function.RCallNode$DispatchedCallNode.execute(RCallNode.java:1167)
	at com.oracle.truffle.r.nodes.function.RCallNode$FunctionDispatch.dispatch(RCallNode.java:892)
	at com.oracle.truffle.r.nodes.function.RCallNodeGen$FunctionDispatchNodeGen.executeAndSpecialize(RCallNodeGen.java:708)
	at com.oracle.truffle.r.nodes.function.RCallNodeGen$FunctionDispatchNodeGen.execute(RCallNodeGen.java:672)
	at com.oracle.truffle.r.nodes.function.RCallNode.call(RCallNode.java:279)
	at com.oracle.truffle.r.nodes.function.RCallNodeGen.executeAndSpecialize(RCallNodeGen.java:222)
	at com.oracle.truffle.r.nodes.function.RCallNodeGen.execute(RCallNodeGen.java:206)
	at com.oracle.truffle.r.nodes.access.WriteLocalFrameVariableNodeGen.execute_generic3(WriteLocalFrameVariableNodeGen.java:114)
	at com.oracle.truffle.r.nodes.access.WriteLocalFrameVariableNodeGen.execute(WriteLocalFrameVariableNodeGen.java:48)
	at com.oracle.truffle.r.nodes.access.WriteVariableSyntaxNode.visibleExecute(WriteVariableSyntaxNode.java:85)
	at com.oracle.truffle.r.nodes.control.ReplacementDispatchNode.visibleExecute(ReplacementDispatchNode.java:90)
	at com.oracle.truffle.r.engine.REngine$AnonymousBodyNode.visibleExecute(REngine.java:636)
	at com.oracle.truffle.r.engine.REngine$AnonymousRootNode.execute(REngine.java:563)
	at org.graalvm.compiler.truffle.runtime.OptimizedCallTarget.callProxy(OptimizedCallTarget.java:262)
	at org.graalvm.compiler.truffle.runtime.OptimizedCallTarget.callRoot(OptimizedCallTarget.java:251)
	at org.graalvm.compiler.truffle.runtime.OptimizedCallTarget.callBoundary(OptimizedCallTarget.java:241)
	at org.graalvm.compiler.truffle.runtime.OptimizedCallTarget.doInvoke(OptimizedCallTarget.java:226)
	at org.graalvm.compiler.truffle.runtime.OptimizedCallTarget.callDirect(OptimizedCallTarget.java:209)
	at org.graalvm.compiler.truffle.runtime.OptimizedDirectCallNode.callProxy(OptimizedDirectCallNode.java:86)
	at org.graalvm.compiler.truffle.runtime.OptimizedDirectCallNode.call(OptimizedDirectCallNode.java:70)
	at com.oracle.truffle.r.engine.EngineRootNode$EngineBodyNode.execute(EngineRootNode.java:135)
	at com.oracle.truffle.r.engine.EngineRootNode.execute(EngineRootNode.java:85)
	at org.graalvm.compiler.truffle.runtime.OptimizedCallTarget.callProxy(OptimizedCallTarget.java:262)
	at org.graalvm.compiler.truffle.runtime.OptimizedCallTarget.callRoot(OptimizedCallTarget.java:251)
	at org.graalvm.compiler.truffle.runtime.OptimizedCallTarget.callBoundary(OptimizedCallTarget.java:241)
	at org.graalvm.compiler.truffle.runtime.OptimizedCallTarget.doInvoke(OptimizedCallTarget.java:226)
	at org.graalvm.compiler.truffle.runtime.OptimizedCallTarget.call(OptimizedCallTarget.java:202)
	at com.oracle.truffle.js.builtins.PolyglotBuiltins$PolyglotEvalNode.evalString(PolyglotBuiltins.java:651)
	at com.oracle.truffle.js.builtins.PolyglotBuiltinsFactory$PolyglotEvalNodeGen.executeAndSpecialize(PolyglotBuiltinsFactory.java:1995)
	at com.oracle.truffle.js.builtins.PolyglotBuiltinsFactory$PolyglotEvalNodeGen.execute(PolyglotBuiltinsFactory.java:1976)
	at com.oracle.truffle.js.nodes.function.JSBuiltinNode$LazyBuiltinNode.execute(JSBuiltinNode.java:167)
	at com.oracle.truffle.js.nodes.function.FunctionRootNode.executeInRealm(FunctionRootNode.java:139)
	at com.oracle.truffle.js.runtime.JavaScriptRealmBoundaryRootNode.execute(JavaScriptRealmBoundaryRootNode.java:92)
	at org.graalvm.compiler.truffle.runtime.OptimizedCallTarget.callProxy(OptimizedCallTarget.java:262)
	at org.graalvm.compiler.truffle.runtime.OptimizedCallTarget.callRoot(OptimizedCallTarget.java:251)
	at org.graalvm.compiler.truffle.runtime.OptimizedCallTarget.callBoundary(OptimizedCallTarget.java:241)
	at org.graalvm.compiler.truffle.runtime.OptimizedCallTarget.doInvoke(OptimizedCallTarget.java:226)
	at org.graalvm.compiler.truffle.runtime.OptimizedCallTarget.callDirect(OptimizedCallTarget.java:209)
	at org.graalvm.compiler.truffle.runtime.OptimizedDirectCallNode.callProxy(OptimizedDirectCallNode.java:86)
	at org.graalvm.compiler.truffle.runtime.OptimizedDirectCallNode.call(OptimizedDirectCallNode.java:70)
	at com.oracle.truffle.js.nodes.function.JSFunctionCallNode$DispatchedCallNode.executeCall(JSFunctionCallNode.java:996)
	at com.oracle.truffle.js.nodes.function.JSFunctionCallNode$CacheNode.executeCall(JSFunctionCallNode.java:665)
	at com.oracle.truffle.js.nodes.function.JSFunctionCallNode$UninitializedCacheNode.executeCall(JSFunctionCallNode.java:699)
	at com.oracle.truffle.js.nodes.function.JSFunctionCallNode.executeCall(JSFunctionCallNode.java:217)
	at com.oracle.truffle.js.nodes.function.JSFunctionCallNode$InvokeNode.execute(JSFunctionCallNode.java:349)
	at com.oracle.truffle.js.nodes.JavaScriptNode.executeVoid(JavaScriptNode.java:213)
	at com.oracle.truffle.js.nodes.control.AbstractBlockNode.executeVoid(AbstractBlockNode.java:73)
	at com.oracle.truffle.js.nodes.control.BlockNode.execute(BlockNode.java:62)
	at com.oracle.truffle.js.nodes.function.FunctionBodyNode.execute(FunctionBodyNode.java:66)
	at com.oracle.truffle.js.nodes.function.FunctionRootNode.executeInRealm(FunctionRootNode.java:139)
	at com.oracle.truffle.js.runtime.JavaScriptRealmBoundaryRootNode.execute(JavaScriptRealmBoundaryRootNode.java:92)
	at org.graalvm.compiler.truffle.runtime.OptimizedCallTarget.callProxy(OptimizedCallTarget.java:262)
	at org.graalvm.compiler.truffle.runtime.OptimizedCallTarget.callRoot(OptimizedCallTarget.java:251)
	at org.graalvm.compiler.truffle.runtime.OptimizedCallTarget.callBoundary(OptimizedCallTarget.java:241)
	at org.graalvm.compiler.truffle.runtime.OptimizedCallTarget.doInvoke(OptimizedCallTarget.java:226)
	at org.graalvm.compiler.truffle.runtime.OptimizedCallTarget.callDirect(OptimizedCallTarget.java:209)
	at org.graalvm.compiler.truffle.runtime.OptimizedDirectCallNode.callProxy(OptimizedDirectCallNode.java:86)
	at org.graalvm.compiler.truffle.runtime.OptimizedDirectCallNode.call(OptimizedDirectCallNode.java:70)
	at com.oracle.truffle.js.nodes.function.JSFunctionCallNode$DispatchedCallNode.executeCall(JSFunctionCallNode.java:996)
	at com.oracle.truffle.js.nodes.function.JSFunctionCallNode$CacheNode.executeCall(JSFunctionCallNode.java:665)
	at com.oracle.truffle.js.nodes.function.JSFunctionCallNode$UninitializedCacheNode.executeCall(JSFunctionCallNode.java:699)
	at com.oracle.truffle.js.nodes.function.JSFunctionCallNode$CacheNode.executeCall(JSFunctionCallNode.java:667)
	at com.oracle.truffle.js.nodes.function.JSFunctionCallNode$CacheNode.executeCall(JSFunctionCallNode.java:667)
	at com.oracle.truffle.js.nodes.function.JSFunctionCallNode.executeCall(JSFunctionCallNode.java:217)
	at com.oracle.truffle.js.nodes.function.JSFunctionCallNode$CallNode.execute(JSFunctionCallNode.java:255)
	at com.oracle.truffle.js.nodes.unary.VoidNodeGen.execute(VoidNodeGen.java:35)
	at com.oracle.truffle.js.nodes.control.TryCatchNode.execute(TryCatchNode.java:144)
	at com.oracle.truffle.js.nodes.JavaScriptNode.executeVoid(JavaScriptNode.java:213)
	at com.oracle.truffle.js.nodes.control.AbstractBlockNode.executeVoid(AbstractBlockNode.java:73)
	at com.oracle.truffle.js.nodes.control.BlockNode.execute(BlockNode.java:62)
	at com.oracle.truffle.js.nodes.control.ReturnTargetNode$FrameReturnTargetNode.execute(ReturnTargetNode.java:121)
	at com.oracle.truffle.js.nodes.control.ExprBlockNode.execute(ExprBlockNode.java:70)
	at com.oracle.truffle.js.nodes.function.FunctionBodyNode.execute(FunctionBodyNode.java:66)
	at com.oracle.truffle.js.nodes.function.FunctionRootNode.executeInRealm(FunctionRootNode.java:139)
	at com.oracle.truffle.js.runtime.JavaScriptRealmBoundaryRootNode.execute(JavaScriptRealmBoundaryRootNode.java:92)
	at org.graalvm.compiler.truffle.runtime.OptimizedCallTarget.callProxy(OptimizedCallTarget.java:262)
	at org.graalvm.compiler.truffle.runtime.OptimizedCallTarget.callRoot(OptimizedCallTarget.java:251)
	at org.graalvm.compiler.truffle.runtime.OptimizedCallTarget.callBoundary(OptimizedCallTarget.java:241)
	at org.graalvm.compiler.truffle.runtime.OptimizedCallTarget.doInvoke(OptimizedCallTarget.java:226)
	at org.graalvm.compiler.truffle.runtime.OptimizedCallTarget.callDirect(OptimizedCallTarget.java:209)
	at org.graalvm.compiler.truffle.runtime.OptimizedDirectCallNode.callProxy(OptimizedDirectCallNode.java:86)
	at org.graalvm.compiler.truffle.runtime.OptimizedDirectCallNode.call(OptimizedDirectCallNode.java:70)
	at com.oracle.truffle.js.nodes.function.JSFunctionCallNode$DispatchedCallNode.executeCall(JSFunctionCallNode.java:996)
	at com.oracle.truffle.js.nodes.function.JSFunctionCallNode$CacheNode.executeCall(JSFunctionCallNode.java:665)
	at com.oracle.truffle.js.nodes.function.JSFunctionCallNode$UninitializedCacheNode.executeCall(JSFunctionCallNode.java:699)
	at com.oracle.truffle.js.nodes.function.JSFunctionCallNode.executeCall(JSFunctionCallNode.java:217)
	at com.oracle.truffle.js.nodes.function.JSFunctionCallNode$InvokeNode.execute(JSFunctionCallNode.java:349)
	at com.oracle.truffle.js.nodes.unary.VoidNodeGen.execute(VoidNodeGen.java:35)
	at com.oracle.truffle.js.nodes.unary.VoidNodeGen.executeVoid(VoidNodeGen.java:45)
	at com.oracle.truffle.js.nodes.control.IfNode.executeVoid(IfNode.java:170)
	at com.oracle.truffle.js.nodes.control.AbstractBlockNode.executeVoid(AbstractBlockNode.java:73)
	at com.oracle.truffle.js.nodes.control.BlockNode.execute(BlockNode.java:62)
	at com.oracle.truffle.js.nodes.control.ReturnTargetNode$FrameReturnTargetNode.execute(ReturnTargetNode.java:121)
	at com.oracle.truffle.js.nodes.control.ExprBlockNode.execute(ExprBlockNode.java:70)
	at com.oracle.truffle.js.nodes.function.FunctionBodyNode.execute(FunctionBodyNode.java:66)
	at com.oracle.truffle.js.nodes.function.FunctionRootNode.executeInRealm(FunctionRootNode.java:139)
	at com.oracle.truffle.js.runtime.JavaScriptRealmBoundaryRootNode.execute(JavaScriptRealmBoundaryRootNode.java:92)
	at org.graalvm.compiler.truffle.runtime.OptimizedCallTarget.callProxy(OptimizedCallTarget.java:262)
	at org.graalvm.compiler.truffle.runtime.OptimizedCallTarget.callRoot(OptimizedCallTarget.java:251)
	at org.graalvm.compiler.truffle.runtime.OptimizedCallTarget.callBoundary(OptimizedCallTarget.java:241)
	at org.graalvm.compiler.truffle.runtime.OptimizedCallTarget.doInvoke(OptimizedCallTarget.java:226)
	at org.graalvm.compiler.truffle.runtime.OptimizedCallTarget.callDirect(OptimizedCallTarget.java:209)
	at org.graalvm.compiler.truffle.runtime.OptimizedDirectCallNode.callProxy(OptimizedDirectCallNode.java:86)
	at org.graalvm.compiler.truffle.runtime.OptimizedDirectCallNode.call(OptimizedDirectCallNode.java:70)
	at com.oracle.truffle.js.nodes.function.JSFunctionCallNode$DispatchedCallNode.executeCall(JSFunctionCallNode.java:996)
	at com.oracle.truffle.js.nodes.function.JSFunctionCallNode$CacheNode.executeCall(JSFunctionCallNode.java:665)
	at com.oracle.truffle.js.nodes.function.JSFunctionCallNode$UninitializedCacheNode.executeCall(JSFunctionCallNode.java:699)
	at com.oracle.truffle.js.nodes.function.JSFunctionCallNode.executeCall(JSFunctionCallNode.java:217)
	at com.oracle.truffle.js.nodes.function.JSFunctionCallNode$CallNode.execute(JSFunctionCallNode.java:255)
	at com.oracle.truffle.js.nodes.JavaScriptNode.executeVoid(JavaScriptNode.java:213)
	at com.oracle.truffle.js.nodes.control.AbstractBlockNode.executeVoid(AbstractBlockNode.java:73)
	at com.oracle.truffle.js.nodes.control.BlockNode.execute(BlockNode.java:62)
	at com.oracle.truffle.js.nodes.control.ReturnTargetNode$FrameReturnTargetNode.execute(ReturnTargetNode.java:121)
	at com.oracle.truffle.js.nodes.control.ExprBlockNode.execute(ExprBlockNode.java:70)
	at com.oracle.truffle.js.nodes.function.FunctionBodyNode.execute(FunctionBodyNode.java:66)
	at com.oracle.truffle.js.nodes.function.FunctionRootNode.executeInRealm(FunctionRootNode.java:139)
	at com.oracle.truffle.js.runtime.JavaScriptRealmBoundaryRootNode.execute(JavaScriptRealmBoundaryRootNode.java:92)
	at org.graalvm.compiler.truffle.runtime.OptimizedCallTarget.callProxy(OptimizedCallTarget.java:262)
	at org.graalvm.compiler.truffle.runtime.OptimizedCallTarget.callRoot(OptimizedCallTarget.java:251)
	at org.graalvm.compiler.truffle.runtime.OptimizedCallTarget.callBoundary(OptimizedCallTarget.java:241)
	at org.graalvm.compiler.truffle.runtime.OptimizedCallTarget.doInvoke(OptimizedCallTarget.java:226)
	at org.graalvm.compiler.truffle.runtime.OptimizedCallTarget.callDirect(OptimizedCallTarget.java:209)
	at org.graalvm.compiler.truffle.runtime.OptimizedDirectCallNode.callProxy(OptimizedDirectCallNode.java:86)
	at org.graalvm.compiler.truffle.runtime.OptimizedDirectCallNode.call(OptimizedDirectCallNode.java:70)
	at com.oracle.truffle.js.nodes.function.JSFunctionCallNode$DispatchedCallNode.executeCall(JSFunctionCallNode.java:996)
	at com.oracle.truffle.js.nodes.function.JSFunctionCallNode$BoundCallNode.executeCall(JSFunctionCallNode.java:896)
	at com.oracle.truffle.js.nodes.function.JSFunctionCallNode$CacheNode.executeCall(JSFunctionCallNode.java:665)
	at com.oracle.truffle.js.nodes.function.JSFunctionCallNode$UninitializedCacheNode.executeCall(JSFunctionCallNode.java:699)
	at com.oracle.truffle.js.nodes.function.JSFunctionCallNode$CacheNode.executeCall(JSFunctionCallNode.java:667)
	at com.oracle.truffle.js.nodes.function.JSFunctionCallNode.executeCall(JSFunctionCallNode.java:217)
	at com.oracle.truffle.js.nodes.function.JSFunctionCallNode$CallNode.execute(JSFunctionCallNode.java:255)
	at com.oracle.truffle.js.nodes.unary.VoidNodeGen.execute(VoidNodeGen.java:35)
	at com.oracle.truffle.js.nodes.control.TryCatchNode.execute(TryCatchNode.java:144)
	at com.oracle.truffle.js.nodes.JavaScriptNode.executeVoid(JavaScriptNode.java:213)
	at com.oracle.truffle.js.nodes.control.AbstractBlockNode.executeVoid(AbstractBlockNode.java:73)
	at com.oracle.truffle.js.nodes.control.BlockNode.execute(BlockNode.java:62)
	at com.oracle.truffle.js.nodes.control.ReturnTargetNode$FrameReturnTargetNode.execute(ReturnTargetNode.java:121)
	at com.oracle.truffle.js.nodes.control.ExprBlockNode.execute(ExprBlockNode.java:70)
	at com.oracle.truffle.js.nodes.function.FunctionBodyNode.execute(FunctionBodyNode.java:66)
	at com.oracle.truffle.js.nodes.function.FunctionRootNode.executeInRealm(FunctionRootNode.java:139)
	at com.oracle.truffle.js.runtime.JavaScriptRealmBoundaryRootNode.execute(JavaScriptRealmBoundaryRootNode.java:92)
	at org.graalvm.compiler.truffle.runtime.OptimizedCallTarget.callProxy(OptimizedCallTarget.java:262)
	at org.graalvm.compiler.truffle.runtime.OptimizedCallTarget.callRoot(OptimizedCallTarget.java:251)
	at org.graalvm.compiler.truffle.runtime.OptimizedCallTarget.callBoundary(OptimizedCallTarget.java:241)
	at org.graalvm.compiler.truffle.runtime.OptimizedCallTarget.doInvoke(OptimizedCallTarget.java:226)
	at org.graalvm.compiler.truffle.runtime.OptimizedCallTarget.callDirect(OptimizedCallTarget.java:209)
	at org.graalvm.compiler.truffle.runtime.OptimizedDirectCallNode.callProxy(OptimizedDirectCallNode.java:86)
	at org.graalvm.compiler.truffle.runtime.OptimizedDirectCallNode.call(OptimizedDirectCallNode.java:70)
	at com.oracle.truffle.js.nodes.function.JSFunctionCallNode$DispatchedCallNode.executeCall(JSFunctionCallNode.java:996)
	at com.oracle.truffle.js.nodes.function.JSFunctionCallNode$CacheNode.executeCall(JSFunctionCallNode.java:665)
	at com.oracle.truffle.js.nodes.function.JSFunctionCallNode$UninitializedCacheNode.executeCall(JSFunctionCallNode.java:699)
	at com.oracle.truffle.js.nodes.function.JSFunctionCallNode.executeCall(JSFunctionCallNode.java:217)
	at com.oracle.truffle.js.nodes.function.JSFunctionCallNode$InvokeNode.execute(JSFunctionCallNode.java:349)
	at com.oracle.truffle.js.nodes.access.JSWriteCurrentFrameSlotNodeGen.execute_generic3(JSWriteCurrentFrameSlotNodeGen.java:149)
	at com.oracle.truffle.js.nodes.access.JSWriteCurrentFrameSlotNodeGen.execute(JSWriteCurrentFrameSlotNodeGen.java:84)
	at com.oracle.truffle.js.nodes.access.JSWriteCurrentFrameSlotNodeGen.executeVoid(JSWriteCurrentFrameSlotNodeGen.java:281)
	at com.oracle.truffle.js.nodes.control.ReturnNode$FrameReturnNode.executeVoid(ReturnNode.java:131)
	at com.oracle.truffle.js.nodes.control.IfNode.executeVoid(IfNode.java:166)
	at com.oracle.truffle.js.nodes.control.AbstractBlockNode.executeVoid(AbstractBlockNode.java:73)
	at com.oracle.truffle.js.nodes.control.BlockNode.execute(BlockNode.java:62)
	at com.oracle.truffle.js.nodes.control.ReturnTargetNode$FrameReturnTargetNode.execute(ReturnTargetNode.java:121)
	at com.oracle.truffle.js.nodes.control.ExprBlockNode.execute(ExprBlockNode.java:70)
	at com.oracle.truffle.js.nodes.function.FunctionBodyNode.execute(FunctionBodyNode.java:66)
	at com.oracle.truffle.js.nodes.function.FunctionRootNode.executeInRealm(FunctionRootNode.java:139)
	at com.oracle.truffle.js.runtime.JavaScriptRealmBoundaryRootNode.execute(JavaScriptRealmBoundaryRootNode.java:92)
	at org.graalvm.compiler.truffle.runtime.OptimizedCallTarget.callProxy(OptimizedCallTarget.java:262)
	at org.graalvm.compiler.truffle.runtime.OptimizedCallTarget.callRoot(OptimizedCallTarget.java:251)
	at org.graalvm.compiler.truffle.runtime.OptimizedCallTarget.callBoundary(OptimizedCallTarget.java:241)
	at org.graalvm.compiler.truffle.runtime.OptimizedCallTarget.doInvoke(OptimizedCallTarget.java:226)
	at org.graalvm.compiler.truffle.runtime.OptimizedCallTarget.callDirect(OptimizedCallTarget.java:209)
	at org.graalvm.compiler.truffle.runtime.OptimizedDirectCallNode.callProxy(OptimizedDirectCallNode.java:86)
	at org.graalvm.compiler.truffle.runtime.OptimizedDirectCallNode.call(OptimizedDirectCallNode.java:70)
	at com.oracle.truffle.js.nodes.function.JSFunctionCallNode$DispatchedCallNode.executeCall(JSFunctionCallNode.java:996)
	at com.oracle.truffle.js.nodes.function.JSFunctionCallNode$CacheNode.executeCall(JSFunctionCallNode.java:665)
	at com.oracle.truffle.js.nodes.function.JSFunctionCallNode$UninitializedCacheNode.executeCall(JSFunctionCallNode.java:699)
	at com.oracle.truffle.js.nodes.function.JSFunctionCallNode$CacheNode.executeCall(JSFunctionCallNode.java:667)
	at com.oracle.truffle.js.nodes.function.JSFunctionCallNode.executeCall(JSFunctionCallNode.java:217)
	at com.oracle.truffle.js.nodes.function.JSFunctionCallNode$CallNode.execute(JSFunctionCallNode.java:255)
	at com.oracle.truffle.js.nodes.access.JSWriteCurrentFrameSlotNodeGen.execute_generic3(JSWriteCurrentFrameSlotNodeGen.java:149)
	at com.oracle.truffle.js.nodes.access.JSWriteCurrentFrameSlotNodeGen.execute(JSWriteCurrentFrameSlotNodeGen.java:84)
	at com.oracle.truffle.js.nodes.access.JSWriteCurrentFrameSlotNodeGen.executeVoid(JSWriteCurrentFrameSlotNodeGen.java:281)
	at com.oracle.truffle.js.nodes.control.ReturnNode$FrameReturnNode.executeVoid(ReturnNode.java:131)
	at com.oracle.truffle.js.nodes.control.IfNode.executeVoid(IfNode.java:166)
	at com.oracle.truffle.js.nodes.control.AbstractBlockNode.executeVoid(AbstractBlockNode.java:73)
	at com.oracle.truffle.js.nodes.control.BlockNode.execute(BlockNode.java:62)
	at com.oracle.truffle.js.nodes.control.ReturnTargetNode$FrameReturnTargetNode.execute(ReturnTargetNode.java:121)
	at com.oracle.truffle.js.nodes.control.ExprBlockNode.execute(ExprBlockNode.java:70)
	at com.oracle.truffle.js.nodes.function.FunctionBodyNode.execute(FunctionBodyNode.java:66)
	at com.oracle.truffle.js.nodes.function.FunctionRootNode.executeInRealm(FunctionRootNode.java:139)
	at com.oracle.truffle.js.runtime.JavaScriptRealmBoundaryRootNode.execute(JavaScriptRealmBoundaryRootNode.java:92)
	at org.graalvm.compiler.truffle.runtime.OptimizedCallTarget.callProxy(OptimizedCallTarget.java:262)
	at org.graalvm.compiler.truffle.runtime.OptimizedCallTarget.callRoot(OptimizedCallTarget.java:251)
	at org.graalvm.compiler.truffle.runtime.OptimizedCallTarget.callBoundary(OptimizedCallTarget.java:241)
	at org.graalvm.compiler.truffle.runtime.OptimizedCallTarget.doInvoke(OptimizedCallTarget.java:226)
	at org.graalvm.compiler.truffle.runtime.OptimizedCallTarget.callDirect(OptimizedCallTarget.java:209)
	at org.graalvm.compiler.truffle.runtime.OptimizedDirectCallNode.callProxy(OptimizedDirectCallNode.java:86)
	at org.graalvm.compiler.truffle.runtime.OptimizedDirectCallNode.call(OptimizedDirectCallNode.java:70)
	at com.oracle.truffle.js.nodes.function.JSFunctionCallNode$DispatchedCallNode.executeCall(JSFunctionCallNode.java:996)
	at com.oracle.truffle.js.nodes.function.JSFunctionCallNode$CacheNode.executeCall(JSFunctionCallNode.java:665)
	at com.oracle.truffle.js.nodes.function.JSFunctionCallNode.executeCall(JSFunctionCallNode.java:217)
	at com.oracle.truffle.js.nodes.function.JSFunctionCallNode$InvokeNode.execute(JSFunctionCallNode.java:349)
	at com.oracle.truffle.js.nodes.JavaScriptNode.executeVoid(JavaScriptNode.java:213)
	at com.oracle.truffle.js.nodes.control.AbstractBlockNode.executeVoid(AbstractBlockNode.java:73)
	at com.oracle.truffle.js.nodes.control.BlockNode.execute(BlockNode.java:62)
	at com.oracle.truffle.js.nodes.control.ReturnTargetNode$FrameReturnTargetNode.execute(ReturnTargetNode.java:121)
	at com.oracle.truffle.js.nodes.control.ExprBlockNode.execute(ExprBlockNode.java:70)
	at com.oracle.truffle.js.nodes.function.FunctionBodyNode.execute(FunctionBodyNode.java:66)
	at com.oracle.truffle.js.nodes.function.FunctionRootNode.executeInRealm(FunctionRootNode.java:139)
	at com.oracle.truffle.js.runtime.JavaScriptRealmBoundaryRootNode.execute(JavaScriptRealmBoundaryRootNode.java:92)
	at org.graalvm.compiler.truffle.runtime.OptimizedCallTarget.callProxy(OptimizedCallTarget.java:262)
	at org.graalvm.compiler.truffle.runtime.OptimizedCallTarget.callRoot(OptimizedCallTarget.java:251)
	at org.graalvm.compiler.truffle.runtime.OptimizedCallTarget.callBoundary(OptimizedCallTarget.java:241)
	at org.graalvm.compiler.truffle.runtime.OptimizedCallTarget.doInvoke(OptimizedCallTarget.java:226)
	at org.graalvm.compiler.truffle.runtime.OptimizedCallTarget.callDirect(OptimizedCallTarget.java:209)
	at org.graalvm.compiler.truffle.runtime.OptimizedDirectCallNode.callProxy(OptimizedDirectCallNode.java:86)
	at org.graalvm.compiler.truffle.runtime.OptimizedDirectCallNode.call(OptimizedDirectCallNode.java:70)
	at com.oracle.truffle.js.nodes.function.JSFunctionCallNode$DispatchedCallNode.executeCall(JSFunctionCallNode.java:996)
	at com.oracle.truffle.js.nodes.function.JSFunctionCallNode$CacheNode.executeCall(JSFunctionCallNode.java:665)
	at com.oracle.truffle.js.nodes.function.JSFunctionCallNode$UninitializedCacheNode.executeCall(JSFunctionCallNode.java:699)
	at com.oracle.truffle.js.nodes.function.JSFunctionCallNode.executeCall(JSFunctionCallNode.java:217)
	at com.oracle.truffle.js.nodes.function.JSFunctionCallNode$CallNode.execute(JSFunctionCallNode.java:255)
	at com.oracle.truffle.js.nodes.JavaScriptNode.executeVoid(JavaScriptNode.java:213)
	at com.oracle.truffle.js.nodes.control.AbstractBlockNode.executeVoid(AbstractBlockNode.java:73)
	at com.oracle.truffle.js.nodes.control.BlockNode.execute(BlockNode.java:62)
	at com.oracle.truffle.js.nodes.function.FunctionBodyNode.execute(FunctionBodyNode.java:66)
	at com.oracle.truffle.js.nodes.function.FunctionRootNode.executeInRealm(FunctionRootNode.java:139)
	at com.oracle.truffle.js.runtime.JavaScriptRealmBoundaryRootNode.execute(JavaScriptRealmBoundaryRootNode.java:92)
	at org.graalvm.compiler.truffle.runtime.OptimizedCallTarget.callProxy(OptimizedCallTarget.java:262)
	at org.graalvm.compiler.truffle.runtime.OptimizedCallTarget.callRoot(OptimizedCallTarget.java:251)
	at org.graalvm.compiler.truffle.runtime.OptimizedCallTarget.callBoundary(OptimizedCallTarget.java:241)
	at org.graalvm.compiler.truffle.runtime.OptimizedCallTarget.doInvoke(OptimizedCallTarget.java:226)
	at org.graalvm.compiler.truffle.runtime.OptimizedCallTarget.callDirect(OptimizedCallTarget.java:209)
	at org.graalvm.compiler.truffle.runtime.OptimizedDirectCallNode.callProxy(OptimizedDirectCallNode.java:86)
	at org.graalvm.compiler.truffle.runtime.OptimizedDirectCallNode.call(OptimizedDirectCallNode.java:70)
	at com.oracle.truffle.js.nodes.function.JSFunctionCallNode$DispatchedCallNode.executeCall(JSFunctionCallNode.java:996)
	at com.oracle.truffle.js.nodes.function.JSFunctionCallNode$CacheNode.executeCall(JSFunctionCallNode.java:665)
	at com.oracle.truffle.js.nodes.function.JSFunctionCallNode$UninitializedCacheNode.executeCall(JSFunctionCallNode.java:699)
	at com.oracle.truffle.js.nodes.function.JSFunctionCallNode.executeCall(JSFunctionCallNode.java:217)
	at com.oracle.truffle.js.nodes.function.JSFunctionCallNode$CallNode.execute(JSFunctionCallNode.java:255)
	at com.oracle.truffle.js.nodes.unary.VoidNodeGen.execute(VoidNodeGen.java:35)
	at com.oracle.truffle.js.nodes.control.TryCatchNode.execute(TryCatchNode.java:144)
	at com.oracle.truffle.js.nodes.JavaScriptNode.executeVoid(JavaScriptNode.java:213)
	at com.oracle.truffle.js.nodes.control.AbstractBlockNode.executeVoid(AbstractBlockNode.java:73)
	at com.oracle.truffle.js.nodes.control.BlockNode.execute(BlockNode.java:62)
	at com.oracle.truffle.js.nodes.control.ReturnTargetNode$FrameReturnTargetNode.execute(ReturnTargetNode.java:121)
	at com.oracle.truffle.js.nodes.control.ExprBlockNode.execute(ExprBlockNode.java:70)
	at com.oracle.truffle.js.nodes.function.FunctionBodyNode.execute(FunctionBodyNode.java:66)
	at com.oracle.truffle.js.nodes.function.FunctionRootNode.executeInRealm(FunctionRootNode.java:139)
	at com.oracle.truffle.js.runtime.JavaScriptRealmBoundaryRootNode.execute(JavaScriptRealmBoundaryRootNode.java:92)
	at org.graalvm.compiler.truffle.runtime.OptimizedCallTarget.callProxy(OptimizedCallTarget.java:262)
	at org.graalvm.compiler.truffle.runtime.OptimizedCallTarget.callRoot(OptimizedCallTarget.java:251)
	at org.graalvm.compiler.truffle.runtime.OptimizedCallTarget.callBoundary(OptimizedCallTarget.java:241)
	at org.graalvm.compiler.truffle.runtime.OptimizedCallTarget.doInvoke(OptimizedCallTarget.java:226)
	at org.graalvm.compiler.truffle.runtime.OptimizedCallTarget.callDirect(OptimizedCallTarget.java:209)
	at org.graalvm.compiler.truffle.runtime.OptimizedDirectCallNode.callProxy(OptimizedDirectCallNode.java:86)
	at org.graalvm.compiler.truffle.runtime.OptimizedDirectCallNode.call(OptimizedDirectCallNode.java:70)
	at com.oracle.truffle.js.nodes.function.JSFunctionCallNode$DispatchedCallNode.executeCall(JSFunctionCallNode.java:996)
	at com.oracle.truffle.js.nodes.function.JSFunctionCallNode$CacheNode.executeCall(JSFunctionCallNode.java:665)
	at com.oracle.truffle.js.nodes.function.JSFunctionCallNode.executeCall(JSFunctionCallNode.java:217)
	at com.oracle.truffle.js.nodes.function.JSFunctionCallNode$InvokeNode.execute(JSFunctionCallNode.java:349)
	at com.oracle.truffle.js.nodes.unary.VoidNodeGen.execute(VoidNodeGen.java:35)
	at com.oracle.truffle.js.nodes.unary.VoidNodeGen.executeVoid(VoidNodeGen.java:45)
	at com.oracle.truffle.js.nodes.control.IfNode.executeVoid(IfNode.java:170)
	at com.oracle.truffle.js.nodes.control.AbstractBlockNode.executeVoid(AbstractBlockNode.java:73)
	at com.oracle.truffle.js.nodes.control.BlockNode.execute(BlockNode.java:62)
	at com.oracle.truffle.js.nodes.control.ReturnTargetNode$FrameReturnTargetNode.execute(ReturnTargetNode.java:121)
	at com.oracle.truffle.js.nodes.control.ExprBlockNode.execute(ExprBlockNode.java:70)
	at com.oracle.truffle.js.nodes.function.FunctionBodyNode.execute(FunctionBodyNode.java:66)
	at com.oracle.truffle.js.nodes.function.FunctionRootNode.executeInRealm(FunctionRootNode.java:139)
	at com.oracle.truffle.js.runtime.JavaScriptRealmBoundaryRootNode.execute(JavaScriptRealmBoundaryRootNode.java:92)
	at org.graalvm.compiler.truffle.runtime.OptimizedCallTarget.callProxy(OptimizedCallTarget.java:262)
	at org.graalvm.compiler.truffle.runtime.OptimizedCallTarget.callRoot(OptimizedCallTarget.java:251)
	at org.graalvm.compiler.truffle.runtime.OptimizedCallTarget.callBoundary(OptimizedCallTarget.java:241)
	at org.graalvm.compiler.truffle.runtime.OptimizedCallTarget.doInvoke(OptimizedCallTarget.java:226)
	at org.graalvm.compiler.truffle.runtime.OptimizedCallTarget.callDirect(OptimizedCallTarget.java:209)
	at org.graalvm.compiler.truffle.runtime.OptimizedDirectCallNode.callProxy(OptimizedDirectCallNode.java:86)
	at org.graalvm.compiler.truffle.runtime.OptimizedDirectCallNode.call(OptimizedDirectCallNode.java:70)
	at com.oracle.truffle.js.nodes.function.JSFunctionCallNode$DispatchedCallNode.executeCall(JSFunctionCallNode.java:996)
	at com.oracle.truffle.js.nodes.function.JSFunctionCallNode$CacheNode.executeCall(JSFunctionCallNode.java:665)
	at com.oracle.truffle.js.nodes.function.JSFunctionCallNode.executeCall(JSFunctionCallNode.java:217)
	at com.oracle.truffle.js.nodes.function.JSFunctionCallNode$CallNode.execute(JSFunctionCallNode.java:255)
	at com.oracle.truffle.js.nodes.JavaScriptNode.executeVoid(JavaScriptNode.java:213)
	at com.oracle.truffle.js.nodes.control.AbstractBlockNode.executeVoid(AbstractBlockNode.java:73)
	at com.oracle.truffle.js.nodes.control.BlockNode.execute(BlockNode.java:62)
	at com.oracle.truffle.js.nodes.control.ReturnTargetNode$FrameReturnTargetNode.execute(ReturnTargetNode.java:121)
	at com.oracle.truffle.js.nodes.control.ExprBlockNode.execute(ExprBlockNode.java:70)
	at com.oracle.truffle.js.nodes.function.FunctionBodyNode.execute(FunctionBodyNode.java:66)
	at com.oracle.truffle.js.nodes.function.FunctionRootNode.executeInRealm(FunctionRootNode.java:139)
	at com.oracle.truffle.js.runtime.JavaScriptRealmBoundaryRootNode.execute(JavaScriptRealmBoundaryRootNode.java:92)
	at org.graalvm.compiler.truffle.runtime.OptimizedCallTarget.callProxy(OptimizedCallTarget.java:262)
	at org.graalvm.compiler.truffle.runtime.OptimizedCallTarget.callRoot(OptimizedCallTarget.java:251)
	at org.graalvm.compiler.truffle.runtime.OptimizedCallTarget.callBoundary(OptimizedCallTarget.java:241)
	at org.graalvm.compiler.truffle.runtime.OptimizedCallTarget.doInvoke(OptimizedCallTarget.java:226)
	at org.graalvm.compiler.truffle.runtime.OptimizedCallTarget.callDirect(OptimizedCallTarget.java:209)
	at org.graalvm.compiler.truffle.runtime.OptimizedDirectCallNode.callProxy(OptimizedDirectCallNode.java:86)
	at org.graalvm.compiler.truffle.runtime.OptimizedDirectCallNode.call(OptimizedDirectCallNode.java:70)
	at com.oracle.truffle.js.nodes.function.JSFunctionCallNode$DispatchedCallNode.executeCall(JSFunctionCallNode.java:996)
	at com.oracle.truffle.js.nodes.function.JSFunctionCallNode$CacheNode.executeCall(JSFunctionCallNode.java:665)
	at com.oracle.truffle.js.nodes.function.JSFunctionCallNode$UninitializedCacheNode.executeCall(JSFunctionCallNode.java:699)
	at com.oracle.truffle.js.nodes.function.JSFunctionCallNode.executeCall(JSFunctionCallNode.java:217)
	at com.oracle.truffle.js.nodes.function.JSFunctionCallNode$CallNode.execute(JSFunctionCallNode.java:255)
	at com.oracle.truffle.js.nodes.access.JSWriteCurrentFrameSlotNodeGen.execute_generic3(JSWriteCurrentFrameSlotNodeGen.java:149)
	at com.oracle.truffle.js.nodes.access.JSWriteCurrentFrameSlotNodeGen.execute(JSWriteCurrentFrameSlotNodeGen.java:84)
	at com.oracle.truffle.js.nodes.access.JSWriteCurrentFrameSlotNodeGen.executeVoid(JSWriteCurrentFrameSlotNodeGen.java:281)
	at com.oracle.truffle.js.nodes.control.ReturnNode$FrameReturnNode.executeVoid(ReturnNode.java:131)
	at com.oracle.truffle.js.nodes.control.IfNode.executeVoid(IfNode.java:166)
	at com.oracle.truffle.js.nodes.control.AbstractBlockNode.executeVoid(AbstractBlockNode.java:73)
	at com.oracle.truffle.js.nodes.control.BlockNode.execute(BlockNode.java:62)
	at com.oracle.truffle.js.nodes.control.ReturnTargetNode$FrameReturnTargetNode.execute(ReturnTargetNode.java:121)
	at com.oracle.truffle.js.nodes.control.ExprBlockNode.execute(ExprBlockNode.java:70)
	at com.oracle.truffle.js.nodes.function.FunctionBodyNode.execute(FunctionBodyNode.java:66)
	at com.oracle.truffle.js.nodes.function.FunctionRootNode.executeInRealm(FunctionRootNode.java:139)
	at com.oracle.truffle.js.runtime.JavaScriptRealmBoundaryRootNode.execute(JavaScriptRealmBoundaryRootNode.java:92)
	at org.graalvm.compiler.truffle.runtime.OptimizedCallTarget.callProxy(OptimizedCallTarget.java:262)
	at org.graalvm.compiler.truffle.runtime.OptimizedCallTarget.callRoot(OptimizedCallTarget.java:251)
	at org.graalvm.compiler.truffle.runtime.OptimizedCallTarget.callBoundary(OptimizedCallTarget.java:241)
	at org.graalvm.compiler.truffle.runtime.OptimizedCallTarget.doInvoke(OptimizedCallTarget.java:226)
	at org.graalvm.compiler.truffle.runtime.OptimizedCallTarget.callDirect(OptimizedCallTarget.java:209)
	at org.graalvm.compiler.truffle.runtime.OptimizedDirectCallNode.callProxy(OptimizedDirectCallNode.java:86)
	at org.graalvm.compiler.truffle.runtime.OptimizedDirectCallNode.call(OptimizedDirectCallNode.java:70)
	at com.oracle.truffle.js.nodes.function.JSFunctionCallNode$DispatchedCallNode.executeCall(JSFunctionCallNode.java:996)
	at com.oracle.truffle.js.nodes.function.JSFunctionCallNode$CacheNode.executeCall(JSFunctionCallNode.java:665)
	at com.oracle.truffle.js.nodes.function.JSFunctionCallNode.executeCall(JSFunctionCallNode.java:217)
	at com.oracle.truffle.js.nodes.function.JSFunctionCallNode$InvokeNode.execute(JSFunctionCallNode.java:349)
	at com.oracle.truffle.js.nodes.JavaScriptNode.executeVoid(JavaScriptNode.java:213)
	at com.oracle.truffle.js.nodes.control.AbstractBlockNode.executeVoid(AbstractBlockNode.java:73)
	at com.oracle.truffle.js.nodes.control.BlockNode.execute(BlockNode.java:62)
	at com.oracle.truffle.js.nodes.control.ReturnTargetNode$FrameReturnTargetNode.execute(ReturnTargetNode.java:121)
	at com.oracle.truffle.js.nodes.control.ExprBlockNode.execute(ExprBlockNode.java:70)
	at com.oracle.truffle.js.nodes.function.FunctionBodyNode.execute(FunctionBodyNode.java:66)
	at com.oracle.truffle.js.nodes.function.FunctionRootNode.executeInRealm(FunctionRootNode.java:139)
	at com.oracle.truffle.js.runtime.JavaScriptRealmBoundaryRootNode.execute(JavaScriptRealmBoundaryRootNode.java:92)
	at org.graalvm.compiler.truffle.runtime.OptimizedCallTarget.callProxy(OptimizedCallTarget.java:262)
	at org.graalvm.compiler.truffle.runtime.OptimizedCallTarget.callRoot(OptimizedCallTarget.java:251)
	at org.graalvm.compiler.truffle.runtime.OptimizedCallTarget.callBoundary(OptimizedCallTarget.java:241)
	at org.graalvm.compiler.truffle.runtime.OptimizedCallTarget.doInvoke(OptimizedCallTarget.java:226)
	at org.graalvm.compiler.truffle.runtime.OptimizedCallTarget.callDirect(OptimizedCallTarget.java:209)
	at org.graalvm.compiler.truffle.runtime.OptimizedDirectCallNode.callProxy(OptimizedDirectCallNode.java:86)
	at org.graalvm.compiler.truffle.runtime.OptimizedDirectCallNode.call(OptimizedDirectCallNode.java:70)
	at com.oracle.truffle.js.nodes.function.JSFunctionCallNode$DispatchedCallNode.executeCall(JSFunctionCallNode.java:996)
	at com.oracle.truffle.js.nodes.function.JSFunctionCallNode$CacheNode.executeCall(JSFunctionCallNode.java:665)
	at com.oracle.truffle.js.nodes.function.JSFunctionCallNode$UninitializedCacheNode.executeCall(JSFunctionCallNode.java:699)
	at com.oracle.truffle.js.nodes.function.JSFunctionCallNode.executeCall(JSFunctionCallNode.java:217)
	at com.oracle.truffle.js.nodes.function.JSFunctionCallNode$CallNode.execute(JSFunctionCallNode.java:255)
	at com.oracle.truffle.js.nodes.JavaScriptNode.executeVoid(JavaScriptNode.java:213)
	at com.oracle.truffle.js.nodes.control.AbstractBlockNode.executeVoid(AbstractBlockNode.java:73)
	at com.oracle.truffle.js.nodes.control.BlockNode.execute(BlockNode.java:62)
	at com.oracle.truffle.js.nodes.function.FunctionBodyNode.execute(FunctionBodyNode.java:66)
	at com.oracle.truffle.js.nodes.function.FunctionRootNode.executeInRealm(FunctionRootNode.java:139)
	at com.oracle.truffle.js.runtime.JavaScriptRealmBoundaryRootNode.execute(JavaScriptRealmBoundaryRootNode.java:92)
	at org.graalvm.compiler.truffle.runtime.OptimizedCallTarget.callProxy(OptimizedCallTarget.java:262)
	at org.graalvm.compiler.truffle.runtime.OptimizedCallTarget.callRoot(OptimizedCallTarget.java:251)
	at org.graalvm.compiler.truffle.runtime.OptimizedCallTarget.callBoundary(OptimizedCallTarget.java:241)
	at org.graalvm.compiler.truffle.runtime.OptimizedCallTarget.doInvoke(OptimizedCallTarget.java:226)
	at org.graalvm.compiler.truffle.runtime.OptimizedCallTarget.callDirect(OptimizedCallTarget.java:209)
	at org.graalvm.compiler.truffle.runtime.OptimizedDirectCallNode.callProxy(OptimizedDirectCallNode.java:86)
	at org.graalvm.compiler.truffle.runtime.OptimizedDirectCallNode.call(OptimizedDirectCallNode.java:70)
	at com.oracle.truffle.js.nodes.function.JSFunctionCallNode$DispatchedCallNode.executeCall(JSFunctionCallNode.java:996)
	at com.oracle.truffle.js.nodes.function.JSFunctionCallNode$CacheNode.executeCall(JSFunctionCallNode.java:665)
	at com.oracle.truffle.js.nodes.function.JSFunctionCallNode$UninitializedCacheNode.executeCall(JSFunctionCallNode.java:699)
	at com.oracle.truffle.js.nodes.function.JSFunctionCallNode.executeCall(JSFunctionCallNode.java:217)
	at com.oracle.truffle.js.nodes.function.JSFunctionCallNode$CallNode.execute(JSFunctionCallNode.java:255)
	at com.oracle.truffle.js.nodes.unary.VoidNodeGen.execute(VoidNodeGen.java:35)
	at com.oracle.truffle.js.nodes.control.TryCatchNode.execute(TryCatchNode.java:144)
	at com.oracle.truffle.js.nodes.JavaScriptNode.executeVoid(JavaScriptNode.java:213)
	at com.oracle.truffle.js.nodes.control.AbstractBlockNode.executeVoid(AbstractBlockNode.java:73)
	at com.oracle.truffle.js.nodes.control.BlockNode.execute(BlockNode.java:62)
	at com.oracle.truffle.js.nodes.control.ReturnTargetNode$FrameReturnTargetNode.execute(ReturnTargetNode.java:121)
	at com.oracle.truffle.js.nodes.control.ExprBlockNode.execute(ExprBlockNode.java:70)
	at com.oracle.truffle.js.nodes.function.FunctionBodyNode.execute(FunctionBodyNode.java:66)
	at com.oracle.truffle.js.nodes.function.FunctionRootNode.executeInRealm(FunctionRootNode.java:139)
	at com.oracle.truffle.js.runtime.JavaScriptRealmBoundaryRootNode.execute(JavaScriptRealmBoundaryRootNode.java:92)
	at org.graalvm.compiler.truffle.runtime.OptimizedCallTarget.callProxy(OptimizedCallTarget.java:262)
	at org.graalvm.compiler.truffle.runtime.OptimizedCallTarget.callRoot(OptimizedCallTarget.java:251)
	at org.graalvm.compiler.truffle.runtime.OptimizedCallTarget.callBoundary(OptimizedCallTarget.java:241)
	at org.graalvm.compiler.truffle.runtime.OptimizedCallTarget.doInvoke(OptimizedCallTarget.java:226)
	at org.graalvm.compiler.truffle.runtime.OptimizedCallTarget.callDirect(OptimizedCallTarget.java:209)
	at org.graalvm.compiler.truffle.runtime.OptimizedDirectCallNode.callProxy(OptimizedDirectCallNode.java:86)
	at org.graalvm.compiler.truffle.runtime.OptimizedDirectCallNode.call(OptimizedDirectCallNode.java:70)
	at com.oracle.truffle.js.nodes.function.JSFunctionCallNode$DispatchedCallNode.executeCall(JSFunctionCallNode.java:996)
	at com.oracle.truffle.js.nodes.function.JSFunctionCallNode$CacheNode.executeCall(JSFunctionCallNode.java:665)
	at com.oracle.truffle.js.nodes.function.JSFunctionCallNode$UninitializedCacheNode.executeCall(JSFunctionCallNode.java:699)
	at com.oracle.truffle.js.nodes.function.JSFunctionCallNode.executeCall(JSFunctionCallNode.java:217)
	at com.oracle.truffle.js.nodes.function.JSFunctionCallNode$InvokeNode.execute(JSFunctionCallNode.java:349)
	at com.oracle.truffle.js.nodes.unary.VoidNodeGen.execute(VoidNodeGen.java:35)
	at com.oracle.truffle.js.nodes.unary.VoidNodeGen.executeVoid(VoidNodeGen.java:45)
	at com.oracle.truffle.js.nodes.control.IfNode.executeVoid(IfNode.java:170)
	at com.oracle.truffle.js.nodes.control.AbstractBlockNode.executeVoid(AbstractBlockNode.java:73)
	at com.oracle.truffle.js.nodes.control.BlockNode.execute(BlockNode.java:62)
	at com.oracle.truffle.js.nodes.control.ReturnTargetNode$FrameReturnTargetNode.execute(ReturnTargetNode.java:121)
	at com.oracle.truffle.js.nodes.control.ExprBlockNode.execute(ExprBlockNode.java:70)
	at com.oracle.truffle.js.nodes.function.FunctionBodyNode.execute(FunctionBodyNode.java:66)
	at com.oracle.truffle.js.nodes.function.FunctionRootNode.executeInRealm(FunctionRootNode.java:139)
	at com.oracle.truffle.js.runtime.JavaScriptRealmBoundaryRootNode.execute(JavaScriptRealmBoundaryRootNode.java:92)
	at org.graalvm.compiler.truffle.runtime.OptimizedCallTarget.callProxy(OptimizedCallTarget.java:262)
	at org.graalvm.compiler.truffle.runtime.OptimizedCallTarget.callRoot(OptimizedCallTarget.java:251)
	at org.graalvm.compiler.truffle.runtime.OptimizedCallTarget.callBoundary(OptimizedCallTarget.java:241)
	at org.graalvm.compiler.truffle.runtime.OptimizedCallTarget.doInvoke(OptimizedCallTarget.java:226)
	at org.graalvm.compiler.truffle.runtime.OptimizedCallTarget.callDirect(OptimizedCallTarget.java:209)
	at org.graalvm.compiler.truffle.runtime.OptimizedDirectCallNode.callProxy(OptimizedDirectCallNode.java:86)
	at org.graalvm.compiler.truffle.runtime.OptimizedDirectCallNode.call(OptimizedDirectCallNode.java:70)
	at com.oracle.truffle.js.nodes.function.JSFunctionCallNode$DispatchedCallNode.executeCall(JSFunctionCallNode.java:996)
	at com.oracle.truffle.js.nodes.function.JSFunctionCallNode$CacheNode.executeCall(JSFunctionCallNode.java:665)
	at com.oracle.truffle.js.nodes.function.JSFunctionCallNode$UninitializedCacheNode.executeCall(JSFunctionCallNode.java:699)
	at com.oracle.truffle.js.nodes.function.JSFunctionCallNode.executeCall(JSFunctionCallNode.java:217)
	at com.oracle.truffle.js.nodes.function.JSFunctionCallNode$CallNode.execute(JSFunctionCallNode.java:255)
	at com.oracle.truffle.js.nodes.JavaScriptNode.executeVoid(JavaScriptNode.java:213)
	at com.oracle.truffle.js.nodes.control.AbstractBlockNode.executeVoid(AbstractBlockNode.java:73)
	at com.oracle.truffle.js.nodes.control.BlockNode.execute(BlockNode.java:62)
	at com.oracle.truffle.js.nodes.control.ReturnTargetNode$FrameReturnTargetNode.execute(ReturnTargetNode.java:121)
	at com.oracle.truffle.js.nodes.control.ExprBlockNode.execute(ExprBlockNode.java:70)
	at com.oracle.truffle.js.nodes.function.FunctionBodyNode.execute(FunctionBodyNode.java:66)
	at com.oracle.truffle.js.nodes.function.FunctionRootNode.executeInRealm(FunctionRootNode.java:139)
	at com.oracle.truffle.js.runtime.JavaScriptRealmBoundaryRootNode.execute(JavaScriptRealmBoundaryRootNode.java:92)
	at org.graalvm.compiler.truffle.runtime.OptimizedCallTarget.callProxy(OptimizedCallTarget.java:262)
	at org.graalvm.compiler.truffle.runtime.OptimizedCallTarget.callRoot(OptimizedCallTarget.java:251)
	at org.graalvm.compiler.truffle.runtime.OptimizedCallTarget.callBoundary(OptimizedCallTarget.java:241)
	at org.graalvm.compiler.truffle.runtime.OptimizedCallTarget.doInvoke(OptimizedCallTarget.java:226)
	at org.graalvm.compiler.truffle.runtime.OptimizedCallTarget.callDirect(OptimizedCallTarget.java:209)
	at org.graalvm.compiler.truffle.runtime.OptimizedDirectCallNode.callProxy(OptimizedDirectCallNode.java:86)
	at org.graalvm.compiler.truffle.runtime.OptimizedDirectCallNode.call(OptimizedDirectCallNode.java:70)
	at com.oracle.truffle.js.nodes.function.JSFunctionCallNode$DispatchedCallNode.executeCall(JSFunctionCallNode.java:996)
	at com.oracle.truffle.js.nodes.function.JSFunctionCallNode$CacheNode.executeCall(JSFunctionCallNode.java:665)
	at com.oracle.truffle.js.nodes.function.JSFunctionCallNode$UninitializedCacheNode.executeCall(JSFunctionCallNode.java:699)
	at com.oracle.truffle.js.nodes.function.JSFunctionCallNode.executeCall(JSFunctionCallNode.java:217)
	at com.oracle.truffle.js.nodes.function.JSFunctionCallNode$CallNode.execute(JSFunctionCallNode.java:255)
	at com.oracle.truffle.js.nodes.access.JSWriteCurrentFrameSlotNodeGen.execute_generic3(JSWriteCurrentFrameSlotNodeGen.java:149)
	at com.oracle.truffle.js.nodes.access.JSWriteCurrentFrameSlotNodeGen.execute(JSWriteCurrentFrameSlotNodeGen.java:84)
	at com.oracle.truffle.js.nodes.access.JSWriteCurrentFrameSlotNodeGen.executeVoid(JSWriteCurrentFrameSlotNodeGen.java:281)
	at com.oracle.truffle.js.nodes.control.ReturnNode$FrameReturnNode.executeVoid(ReturnNode.java:131)
	at com.oracle.truffle.js.nodes.control.IfNode.executeVoid(IfNode.java:166)
	at com.oracle.truffle.js.nodes.control.AbstractBlockNode.executeVoid(AbstractBlockNode.java:73)
	at com.oracle.truffle.js.nodes.control.BlockNode.execute(BlockNode.java:62)
	at com.oracle.truffle.js.nodes.control.ReturnTargetNode$FrameReturnTargetNode.execute(ReturnTargetNode.java:121)
	at com.oracle.truffle.js.nodes.control.ExprBlockNode.execute(ExprBlockNode.java:70)
	at com.oracle.truffle.js.nodes.function.FunctionBodyNode.execute(FunctionBodyNode.java:66)
	at com.oracle.truffle.js.nodes.function.FunctionRootNode.executeInRealm(FunctionRootNode.java:139)
	at com.oracle.truffle.js.runtime.JavaScriptRealmBoundaryRootNode.execute(JavaScriptRealmBoundaryRootNode.java:92)
	at org.graalvm.compiler.truffle.runtime.OptimizedCallTarget.callProxy(OptimizedCallTarget.java:262)
	at org.graalvm.compiler.truffle.runtime.OptimizedCallTarget.callRoot(OptimizedCallTarget.java:251)
	at org.graalvm.compiler.truffle.runtime.OptimizedCallTarget.callBoundary(OptimizedCallTarget.java:241)
	at org.graalvm.compiler.truffle.runtime.OptimizedCallTarget.doInvoke(OptimizedCallTarget.java:226)
	at org.graalvm.compiler.truffle.runtime.OptimizedCallTarget.callDirect(OptimizedCallTarget.java:209)
	at org.graalvm.compiler.truffle.runtime.OptimizedDirectCallNode.callProxy(OptimizedDirectCallNode.java:86)
	at org.graalvm.compiler.truffle.runtime.OptimizedDirectCallNode.call(OptimizedDirectCallNode.java:70)
	at com.oracle.truffle.js.nodes.function.JSFunctionCallNode$DispatchedCallNode.executeCall(JSFunctionCallNode.java:996)
	at com.oracle.truffle.js.nodes.function.JSFunctionCallNode$CacheNode.executeCall(JSFunctionCallNode.java:665)
	at com.oracle.truffle.js.nodes.function.JSFunctionCallNode$UninitializedCacheNode.executeCall(JSFunctionCallNode.java:699)
	at com.oracle.truffle.js.nodes.function.JSFunctionCallNode.executeCall(JSFunctionCallNode.java:217)
	at com.oracle.truffle.js.nodes.function.JSFunctionCallNode$InvokeNode.execute(JSFunctionCallNode.java:349)
	at com.oracle.truffle.js.nodes.JavaScriptNode.executeVoid(JavaScriptNode.java:213)
	at com.oracle.truffle.js.nodes.control.AbstractBlockNode.executeVoid(AbstractBlockNode.java:73)
	at com.oracle.truffle.js.nodes.control.BlockNode.execute(BlockNode.java:62)
	at com.oracle.truffle.js.nodes.control.ReturnTargetNode$FrameReturnTargetNode.execute(ReturnTargetNode.java:121)
	at com.oracle.truffle.js.nodes.control.ExprBlockNode.execute(ExprBlockNode.java:70)
	at com.oracle.truffle.js.nodes.function.FunctionBodyNode.execute(FunctionBodyNode.java:66)
	at com.oracle.truffle.js.nodes.function.FunctionRootNode.executeInRealm(FunctionRootNode.java:139)
	at com.oracle.truffle.js.runtime.JavaScriptRealmBoundaryRootNode.execute(JavaScriptRealmBoundaryRootNode.java:92)
	at org.graalvm.compiler.truffle.runtime.OptimizedCallTarget.callProxy(OptimizedCallTarget.java:262)
	at org.graalvm.compiler.truffle.runtime.OptimizedCallTarget.callRoot(OptimizedCallTarget.java:251)
	at org.graalvm.compiler.truffle.runtime.OptimizedCallTarget.callBoundary(OptimizedCallTarget.java:241)
	at org.graalvm.compiler.truffle.runtime.OptimizedCallTarget.doInvoke(OptimizedCallTarget.java:226)
	at org.graalvm.compiler.truffle.runtime.OptimizedCallTarget.callDirect(OptimizedCallTarget.java:209)
	at org.graalvm.compiler.truffle.runtime.OptimizedDirectCallNode.callProxy(OptimizedDirectCallNode.java:86)
	at org.graalvm.compiler.truffle.runtime.OptimizedDirectCallNode.call(OptimizedDirectCallNode.java:70)
	at com.oracle.truffle.js.nodes.function.JSFunctionCallNode$DispatchedCallNode.executeCall(JSFunctionCallNode.java:996)
	at com.oracle.truffle.js.nodes.function.JSFunctionCallNode$CacheNode.executeCall(JSFunctionCallNode.java:665)
	at com.oracle.truffle.js.nodes.function.JSFunctionCallNode$UninitializedCacheNode.executeCall(JSFunctionCallNode.java:699)
	at com.oracle.truffle.js.nodes.function.JSFunctionCallNode.executeCall(JSFunctionCallNode.java:217)
	at com.oracle.truffle.js.nodes.function.JSFunctionCallNode$CallNode.execute(JSFunctionCallNode.java:255)
	at com.oracle.truffle.js.nodes.JavaScriptNode.executeVoid(JavaScriptNode.java:213)
	at com.oracle.truffle.js.nodes.control.AbstractBlockNode.executeVoid(AbstractBlockNode.java:73)
	at com.oracle.truffle.js.nodes.control.BlockNode.execute(BlockNode.java:62)
	at com.oracle.truffle.js.nodes.function.FunctionBodyNode.execute(FunctionBodyNode.java:66)
	at com.oracle.truffle.js.nodes.function.FunctionRootNode.executeInRealm(FunctionRootNode.java:139)
	at com.oracle.truffle.js.runtime.JavaScriptRealmBoundaryRootNode.execute(JavaScriptRealmBoundaryRootNode.java:92)
	at org.graalvm.compiler.truffle.runtime.OptimizedCallTarget.callProxy(OptimizedCallTarget.java:262)
	at org.graalvm.compiler.truffle.runtime.OptimizedCallTarget.callRoot(OptimizedCallTarget.java:251)
	at org.graalvm.compiler.truffle.runtime.OptimizedCallTarget.callBoundary(OptimizedCallTarget.java:241)
	at org.graalvm.compiler.truffle.runtime.OptimizedCallTarget.doInvoke(OptimizedCallTarget.java:226)
	at org.graalvm.compiler.truffle.runtime.OptimizedCallTarget.callDirect(OptimizedCallTarget.java:209)
	at org.graalvm.compiler.truffle.runtime.OptimizedDirectCallNode.callProxy(OptimizedDirectCallNode.java:86)
	at org.graalvm.compiler.truffle.runtime.OptimizedDirectCallNode.call(OptimizedDirectCallNode.java:70)
	at com.oracle.truffle.js.nodes.function.JSFunctionCallNode$DispatchedCallNode.executeCall(JSFunctionCallNode.java:996)
	at com.oracle.truffle.js.nodes.function.JSFunctionCallNode$CacheNode.executeCall(JSFunctionCallNode.java:665)
	at com.oracle.truffle.js.nodes.function.JSFunctionCallNode$UninitializedCacheNode.executeCall(JSFunctionCallNode.java:699)
	at com.oracle.truffle.js.nodes.function.JSFunctionCallNode.executeCall(JSFunctionCallNode.java:217)
	at com.oracle.truffle.js.nodes.function.JSFunctionCallNode$InvokeNode.execute(JSFunctionCallNode.java:349)
	at com.oracle.truffle.js.nodes.JavaScriptNode.executeVoid(JavaScriptNode.java:213)
	at com.oracle.truffle.js.nodes.control.AbstractBlockNode.executeVoid(AbstractBlockNode.java:73)
	at com.oracle.truffle.js.nodes.control.BlockNode.execute(BlockNode.java:62)
	at com.oracle.truffle.js.nodes.control.ReturnTargetNode$FrameReturnTargetNode.execute(ReturnTargetNode.java:121)
	at com.oracle.truffle.js.nodes.control.ExprBlockNode.execute(ExprBlockNode.java:70)
	at com.oracle.truffle.js.nodes.function.FunctionBodyNode.execute(FunctionBodyNode.java:66)
	at com.oracle.truffle.js.nodes.function.FunctionRootNode.executeInRealm(FunctionRootNode.java:139)
	at com.oracle.truffle.js.runtime.JavaScriptRealmBoundaryRootNode.execute(JavaScriptRealmBoundaryRootNode.java:92)
	at org.graalvm.compiler.truffle.runtime.OptimizedCallTarget.callProxy(OptimizedCallTarget.java:262)
	at org.graalvm.compiler.truffle.runtime.OptimizedCallTarget.callRoot(OptimizedCallTarget.java:251)
	at org.graalvm.compiler.truffle.runtime.OptimizedCallTarget.callBoundary(OptimizedCallTarget.java:241)
	at org.graalvm.compiler.truffle.runtime.OptimizedCallTarget.doInvoke(OptimizedCallTarget.java:226)
	at org.graalvm.compiler.truffle.runtime.OptimizedCallTarget.callDirect(OptimizedCallTarget.java:209)
	at org.graalvm.compiler.truffle.runtime.OptimizedDirectCallNode.callProxy(OptimizedDirectCallNode.java:86)
	at org.graalvm.compiler.truffle.runtime.OptimizedDirectCallNode.call(OptimizedDirectCallNode.java:70)
	at com.oracle.truffle.js.nodes.function.JSFunctionCallNode$DispatchedCallNode.executeCall(JSFunctionCallNode.java:996)
	at com.oracle.truffle.js.nodes.function.JSFunctionCallNode$CacheNode.executeCall(JSFunctionCallNode.java:665)
	at com.oracle.truffle.js.nodes.function.JSFunctionCallNode$UninitializedCacheNode.executeCall(JSFunctionCallNode.java:699)
	at com.oracle.truffle.js.nodes.function.JSFunctionCallNode.executeCall(JSFunctionCallNode.java:217)
	at com.oracle.truffle.js.nodes.function.JSFunctionCallNode$InvokeNode.execute(JSFunctionCallNode.java:349)
	at com.oracle.truffle.js.nodes.JavaScriptNode.executeVoid(JavaScriptNode.java:213)
	at com.oracle.truffle.js.nodes.control.AbstractBlockNode.executeVoid(AbstractBlockNode.java:73)
	at com.oracle.truffle.js.nodes.control.BlockNode.execute(BlockNode.java:62)
	at com.oracle.truffle.js.nodes.function.FunctionBodyNode.execute(FunctionBodyNode.java:66)
	at com.oracle.truffle.js.nodes.function.FunctionRootNode.executeInRealm(FunctionRootNode.java:139)
	at com.oracle.truffle.js.runtime.JavaScriptRealmBoundaryRootNode.execute(JavaScriptRealmBoundaryRootNode.java:92)
	at org.graalvm.compiler.truffle.runtime.OptimizedCallTarget.callProxy(OptimizedCallTarget.java:262)
	at org.graalvm.compiler.truffle.runtime.OptimizedCallTarget.callRoot(OptimizedCallTarget.java:251)
	at org.graalvm.compiler.truffle.runtime.OptimizedCallTarget.callBoundary(OptimizedCallTarget.java:241)
	at org.graalvm.compiler.truffle.runtime.OptimizedCallTarget.doInvoke(OptimizedCallTarget.java:226)
	at org.graalvm.compiler.truffle.runtime.OptimizedCallTarget.callDirect(OptimizedCallTarget.java:209)
	at org.graalvm.compiler.truffle.runtime.OptimizedDirectCallNode.callProxy(OptimizedDirectCallNode.java:86)
	at org.graalvm.compiler.truffle.runtime.OptimizedDirectCallNode.call(OptimizedDirectCallNode.java:70)
	at com.oracle.truffle.js.nodes.function.JSFunctionCallNode$DispatchedCallNode.executeCall(JSFunctionCallNode.java:996)
	at com.oracle.truffle.js.nodes.function.JSFunctionCallNode$CacheNode.executeCall(JSFunctionCallNode.java:665)
	at com.oracle.truffle.js.nodes.function.JSFunctionCallNode$UninitializedCacheNode.executeCall(JSFunctionCallNode.java:699)
	at com.oracle.truffle.js.nodes.function.JSFunctionCallNode$CacheNode.executeCall(JSFunctionCallNode.java:667)
	at com.oracle.truffle.js.nodes.function.JSFunctionCallNode.executeCall(JSFunctionCallNode.java:217)
	at com.oracle.truffle.js.builtins.FunctionPrototypeBuiltins$JSCallNode.call(FunctionPrototypeBuiltins.java:382)
	at com.oracle.truffle.js.builtins.FunctionPrototypeBuiltinsFactory$JSCallNodeGen.execute(FunctionPrototypeBuiltinsFactory.java:502)
	at com.oracle.truffle.js.nodes.function.FunctionRootNode.executeInRealm(FunctionRootNode.java:139)
	at com.oracle.truffle.js.runtime.JavaScriptRealmBoundaryRootNode.execute(JavaScriptRealmBoundaryRootNode.java:92)
	at org.graalvm.compiler.truffle.runtime.OptimizedCallTarget.callProxy(OptimizedCallTarget.java:262)
	at org.graalvm.compiler.truffle.runtime.OptimizedCallTarget.callRoot(OptimizedCallTarget.java:251)
	at org.graalvm.compiler.truffle.runtime.OptimizedCallTarget.callBoundary(OptimizedCallTarget.java:241)
	at org.graalvm.compiler.truffle.runtime.OptimizedCallTarget.doInvoke(OptimizedCallTarget.java:226)
	at org.graalvm.compiler.truffle.runtime.OptimizedCallTarget.callDirect(OptimizedCallTarget.java:209)
	at org.graalvm.compiler.truffle.runtime.OptimizedDirectCallNode.callProxy(OptimizedDirectCallNode.java:86)
	at org.graalvm.compiler.truffle.runtime.OptimizedDirectCallNode.call(OptimizedDirectCallNode.java:70)
	at com.oracle.truffle.js.nodes.function.JSFunctionCallNode$DispatchedCallNode.executeCall(JSFunctionCallNode.java:996)
	at com.oracle.truffle.js.nodes.function.JSFunctionCallNode$CacheNode.executeCall(JSFunctionCallNode.java:665)
	at com.oracle.truffle.js.nodes.function.JSFunctionCallNode.executeCall(JSFunctionCallNode.java:217)
	at com.oracle.truffle.js.nodes.function.JSFunctionCallNode$InvokeNode.execute(JSFunctionCallNode.java:349)
	at com.oracle.truffle.js.nodes.unary.VoidNodeGen.execute(VoidNodeGen.java:35)
	at com.oracle.truffle.js.nodes.control.IfNode.execute(IfNode.java:149)
	at com.oracle.truffle.js.nodes.control.ExprBlockNode.execute(ExprBlockNode.java:70)
	at com.oracle.truffle.js.nodes.function.FunctionBodyNode.execute(FunctionBodyNode.java:66)
	at com.oracle.truffle.js.nodes.function.FunctionRootNode.executeInRealm(FunctionRootNode.java:139)
	at com.oracle.truffle.js.runtime.JavaScriptRealmBoundaryRootNode.execute(JavaScriptRealmBoundaryRootNode.java:92)
	at org.graalvm.compiler.truffle.runtime.OptimizedCallTarget.callProxy(OptimizedCallTarget.java:262)
	at org.graalvm.compiler.truffle.runtime.OptimizedCallTarget.callRoot(OptimizedCallTarget.java:251)
	at org.graalvm.compiler.truffle.runtime.OptimizedCallTarget.callBoundary(OptimizedCallTarget.java:241)
	at org.graalvm.compiler.truffle.runtime.OptimizedCallTarget.doInvoke(OptimizedCallTarget.java:226)
	at org.graalvm.compiler.truffle.runtime.OptimizedCallTarget.callDirect(OptimizedCallTarget.java:209)
	at org.graalvm.compiler.truffle.runtime.OptimizedDirectCallNode.callProxy(OptimizedDirectCallNode.java:86)
	at org.graalvm.compiler.truffle.runtime.OptimizedDirectCallNode.call(OptimizedDirectCallNode.java:70)
	at com.oracle.truffle.js.nodes.function.JSFunctionCallNode$DispatchedCallNode.executeCall(JSFunctionCallNode.java:996)
	at com.oracle.truffle.js.nodes.function.JSFunctionCallNode$CacheNode.executeCall(JSFunctionCallNode.java:665)
	at com.oracle.truffle.js.nodes.function.JSFunctionCallNode.executeCall(JSFunctionCallNode.java:217)
	at com.oracle.truffle.js.nodes.function.JSFunctionCallNode$CallNode.execute(JSFunctionCallNode.java:255)
	at com.oracle.truffle.js.nodes.unary.VoidNodeGen.execute(VoidNodeGen.java:35)
	at com.oracle.truffle.js.nodes.unary.VoidNodeGen.executeVoid(VoidNodeGen.java:45)
	at com.oracle.truffle.js.nodes.control.IfNode.executeVoid(IfNode.java:166)
	at com.oracle.truffle.js.nodes.control.IfNode.executeVoid(IfNode.java:170)
	at com.oracle.truffle.js.nodes.control.IfNode.executeVoid(IfNode.java:170)
	at com.oracle.truffle.js.nodes.control.DirectBreakTargetNode.executeVoid(DirectBreakTargetNode.java:73)
	at com.oracle.truffle.js.nodes.control.AbstractBlockNode.executeVoid(AbstractBlockNode.java:73)
	at com.oracle.truffle.js.nodes.function.BlockScopeNode$FrameBlockScopeNode.executeVoid(BlockScopeNode.java:138)
	at com.oracle.truffle.js.nodes.control.ExprBlockNode.execute(ExprBlockNode.java:68)
	at com.oracle.truffle.js.nodes.control.ReturnTargetNode$FrameReturnTargetNode.execute(ReturnTargetNode.java:121)
	at com.oracle.truffle.js.nodes.control.ExprBlockNode.execute(ExprBlockNode.java:70)
	at com.oracle.truffle.js.nodes.function.FunctionBodyNode.execute(FunctionBodyNode.java:66)
	at com.oracle.truffle.js.nodes.function.FunctionRootNode.executeInRealm(FunctionRootNode.java:139)
	at com.oracle.truffle.js.runtime.JavaScriptRealmBoundaryRootNode.execute(JavaScriptRealmBoundaryRootNode.java:92)
	at org.graalvm.compiler.truffle.runtime.OptimizedCallTarget.callProxy(OptimizedCallTarget.java:262)
	at org.graalvm.compiler.truffle.runtime.OptimizedCallTarget.callRoot(OptimizedCallTarget.java:251)
	at org.graalvm.compiler.truffle.runtime.OptimizedCallTarget.callBoundary(OptimizedCallTarget.java:241)
	at org.graalvm.compiler.truffle.runtime.OptimizedCallTarget.doInvoke(OptimizedCallTarget.java:226)
	at org.graalvm.compiler.truffle.runtime.OptimizedCallTarget.callDirect(OptimizedCallTarget.java:209)
	at org.graalvm.compiler.truffle.runtime.OptimizedDirectCallNode.callProxy(OptimizedDirectCallNode.java:86)
	at org.graalvm.compiler.truffle.runtime.OptimizedDirectCallNode.call(OptimizedDirectCallNode.java:70)
	at com.oracle.truffle.js.nodes.function.JSFunctionCallNode$DispatchedCallNode.executeCall(JSFunctionCallNode.java:996)
	at com.oracle.truffle.js.nodes.function.JSFunctionCallNode$CacheNode.executeCall(JSFunctionCallNode.java:665)
	at com.oracle.truffle.js.nodes.function.JSFunctionCallNode$UninitializedCacheNode.executeCall(JSFunctionCallNode.java:699)
	at com.oracle.truffle.js.nodes.function.JSFunctionCallNode.executeCall(JSFunctionCallNode.java:217)
	at com.oracle.truffle.js.nodes.function.JSFunctionCallNode$InvokeNode.execute(JSFunctionCallNode.java:349)
	at com.oracle.truffle.js.nodes.unary.VoidNodeGen.execute(VoidNodeGen.java:35)
	at com.oracle.truffle.js.nodes.unary.VoidNodeGen.executeVoid(VoidNodeGen.java:45)
	at com.oracle.truffle.js.nodes.control.IfNode.executeVoid(IfNode.java:170)
	at com.oracle.truffle.js.nodes.control.ExprBlockNode.execute(ExprBlockNode.java:68)
	at com.oracle.truffle.js.nodes.function.FunctionBodyNode.execute(FunctionBodyNode.java:66)
	at com.oracle.truffle.js.nodes.function.FunctionRootNode.executeInRealm(FunctionRootNode.java:139)
	at com.oracle.truffle.js.runtime.JavaScriptRealmBoundaryRootNode.execute(JavaScriptRealmBoundaryRootNode.java:92)
	at org.graalvm.compiler.truffle.runtime.OptimizedCallTarget.callProxy(OptimizedCallTarget.java:262)
	at org.graalvm.compiler.truffle.runtime.OptimizedCallTarget.callRoot(OptimizedCallTarget.java:251)
	at org.graalvm.compiler.truffle.runtime.OptimizedCallTarget.callBoundary(OptimizedCallTarget.java:241)
	at org.graalvm.compiler.truffle.runtime.OptimizedCallTarget.doInvoke(OptimizedCallTarget.java:226)
	at org.graalvm.compiler.truffle.runtime.OptimizedCallTarget.callDirect(OptimizedCallTarget.java:209)
	at org.graalvm.compiler.truffle.runtime.OptimizedDirectCallNode.callProxy(OptimizedDirectCallNode.java:86)
	at org.graalvm.compiler.truffle.runtime.OptimizedDirectCallNode.call(OptimizedDirectCallNode.java:70)
	at com.oracle.truffle.js.nodes.function.JSFunctionCallNode$DispatchedCallNode.executeCall(JSFunctionCallNode.java:996)
	at com.oracle.truffle.js.nodes.function.JSFunctionCallNode$BoundCallNode.executeCall(JSFunctionCallNode.java:896)
	at com.oracle.truffle.js.nodes.function.JSFunctionCallNode$CacheNode.executeCall(JSFunctionCallNode.java:665)
	at com.oracle.truffle.js.nodes.function.JSFunctionCallNode$UninitializedCacheNode.executeCall(JSFunctionCallNode.java:699)
	at com.oracle.truffle.js.nodes.function.JSFunctionCallNode.executeCall(JSFunctionCallNode.java:217)
	at com.oracle.truffle.js.nodes.function.JSFunctionCallNode$InvokeNode.execute(JSFunctionCallNode.java:349)
	at com.oracle.truffle.js.nodes.access.JSWriteCurrentFrameSlotNodeGen.execute_generic3(JSWriteCurrentFrameSlotNodeGen.java:149)
	at com.oracle.truffle.js.nodes.access.JSWriteCurrentFrameSlotNodeGen.execute(JSWriteCurrentFrameSlotNodeGen.java:84)
	at com.oracle.truffle.js.nodes.unary.VoidNodeGen.execute(VoidNodeGen.java:35)
	at com.oracle.truffle.js.nodes.unary.VoidNodeGen.executeVoid(VoidNodeGen.java:45)
	at com.oracle.truffle.js.nodes.control.IfNode.executeVoid(IfNode.java:170)
	at com.oracle.truffle.js.nodes.control.ExprBlockNode.execute(ExprBlockNode.java:68)
	at com.oracle.truffle.js.nodes.function.FunctionBodyNode.execute(FunctionBodyNode.java:66)
	at com.oracle.truffle.js.nodes.function.FunctionRootNode.executeInRealm(FunctionRootNode.java:139)
	at com.oracle.truffle.js.runtime.JavaScriptRealmBoundaryRootNode.execute(JavaScriptRealmBoundaryRootNode.java:92)
	at org.graalvm.compiler.truffle.runtime.OptimizedCallTarget.callProxy(OptimizedCallTarget.java:262)
	at org.graalvm.compiler.truffle.runtime.OptimizedCallTarget.callRoot(OptimizedCallTarget.java:251)
	at org.graalvm.compiler.truffle.runtime.OptimizedCallTarget.callBoundary(OptimizedCallTarget.java:241)
	at org.graalvm.compiler.truffle.runtime.OptimizedCallTarget.doInvoke(OptimizedCallTarget.java:226)
	at org.graalvm.compiler.truffle.runtime.OptimizedCallTarget.call(OptimizedCallTarget.java:202)
	at com.oracle.truffle.js.runtime.builtins.JSFunction.call(JSFunction.java:320)
	at com.oracle.truffle.js.runtime.JSRuntime.call(JSRuntime.java:2174)
	at com.oracle.truffle.trufflenode.GraalJSAccess.functionCall(GraalJSAccess.java:1036)
	at com.oracle.truffle.trufflenode.GraalJSAccess.functionCall9(GraalJSAccess.java:1081)
	at com.oracle.truffle.trufflenode.NativeAccess.polyglotEngineEntered(Native Method)
	at com.oracle.truffle.trufflenode.GraalJSAccess$6.run(GraalJSAccess.java:2289)
	at com.oracle.truffle.trufflenode.RunnableInvoker$RunnableInvokeNode.access(RunnableInvoker.java:78)
	at com.oracle.truffle.trufflenode.RunnableInvokerForeign$RunnableInvokeSubNode.accessWithTarget(RunnableInvokerForeign.java:120)
	at com.oracle.truffle.trufflenode.RunnableInvokerForeignFactory$RunnableInvokeSubNodeGen.executeAndSpecialize(RunnableInvokerForeignFactory.java:57)
	at com.oracle.truffle.trufflenode.RunnableInvokerForeignFactory$RunnableInvokeSubNodeGen.executeWithTarget(RunnableInvokerForeignFactory.java:39)
	at com.oracle.truffle.trufflenode.RunnableInvokerForeign$RunnableInvokeSubNode$INVOKERootNode.execute(RunnableInvokerForeign.java:143)
	at org.graalvm.compiler.truffle.runtime.OptimizedCallTarget.callProxy(OptimizedCallTarget.java:262)
	at org.graalvm.compiler.truffle.runtime.OptimizedCallTarget.callRoot(OptimizedCallTarget.java:251)
	at org.graalvm.compiler.truffle.runtime.OptimizedCallTarget.callBoundary(OptimizedCallTarget.java:241)
	at org.graalvm.compiler.truffle.runtime.OptimizedCallTarget.doInvoke(OptimizedCallTarget.java:226)
	at org.graalvm.compiler.truffle.runtime.OptimizedCallTarget.callDirect(OptimizedCallTarget.java:209)
	at org.graalvm.compiler.truffle.runtime.OptimizedDirectCallNode.callProxy(OptimizedDirectCallNode.java:86)
	at org.graalvm.compiler.truffle.runtime.OptimizedDirectCallNode.call(OptimizedDirectCallNode.java:70)
	at com.oracle.truffle.api.interop.InteropAccessNode.doCached(InteropAccessNode.java:186)
	at com.oracle.truffle.api.interop.InteropAccessNodeGen.executeAndSpecialize(InteropAccessNodeGen.java:82)
	at com.oracle.truffle.api.interop.InteropAccessNodeGen.executeImpl(InteropAccessNodeGen.java:45)
	at com.oracle.truffle.api.interop.InteropAccessNode.execute(InteropAccessNode.java:82)
	at com.oracle.truffle.api.interop.ForeignAccess.sendInvoke(ForeignAccess.java:496)
	at com.oracle.truffle.js.runtime.truffleinterop.JSInteropNodeUtil.invoke(JSInteropNodeUtil.java:271)
	at com.oracle.truffle.js.nodes.function.JSFunctionCallNode$ForeignInvokeNode.executeCallImpl(JSFunctionCallNode.java:1061)
	at com.oracle.truffle.js.nodes.function.JSFunctionCallNode$ForeignExecuteNode.executeCall(JSFunctionCallNode.java:1035)
	at com.oracle.truffle.js.nodes.function.JSFunctionCallNode$CacheNode.executeCall(JSFunctionCallNode.java:665)
	at com.oracle.truffle.js.nodes.function.JSFunctionCallNode$UninitializedCacheNode.executeCall(JSFunctionCallNode.java:699)
	at com.oracle.truffle.js.nodes.function.JSFunctionCallNode.executeCall(JSFunctionCallNode.java:217)
	at com.oracle.truffle.js.nodes.function.JSFunctionCallNode$InvokeNode.execute(JSFunctionCallNode.java:349)
	at com.oracle.truffle.js.nodes.JavaScriptNode.executeVoid(JavaScriptNode.java:213)
	at com.oracle.truffle.js.nodes.control.AbstractBlockNode.executeVoid(AbstractBlockNode.java:73)
	at com.oracle.truffle.js.nodes.control.BlockNode.execute(BlockNode.java:62)
	at com.oracle.truffle.js.nodes.function.FunctionBodyNode.execute(FunctionBodyNode.java:66)
	at com.oracle.truffle.js.nodes.function.FunctionRootNode.executeInRealm(FunctionRootNode.java:139)
	at com.oracle.truffle.js.runtime.JavaScriptRealmBoundaryRootNode.execute(JavaScriptRealmBoundaryRootNode.java:92)
	at org.graalvm.compiler.truffle.runtime.OptimizedCallTarget.callProxy(OptimizedCallTarget.java:262)
	at org.graalvm.compiler.truffle.runtime.OptimizedCallTarget.callRoot(OptimizedCallTarget.java:251)
	at org.graalvm.compiler.truffle.runtime.OptimizedCallTarget.callBoundary(OptimizedCallTarget.java:241)
	at org.graalvm.compiler.truffle.runtime.OptimizedCallTarget.doInvoke(OptimizedCallTarget.java:226)
	at org.graalvm.compiler.truffle.runtime.OptimizedCallTarget.callDirect(OptimizedCallTarget.java:209)
	at org.graalvm.compiler.truffle.runtime.OptimizedDirectCallNode.callProxy(OptimizedDirectCallNode.java:86)
	at org.graalvm.compiler.truffle.runtime.OptimizedDirectCallNode.call(OptimizedDirectCallNode.java:70)
	at com.oracle.truffle.js.nodes.function.JSFunctionCallNode$DispatchedCallNode.executeCall(JSFunctionCallNode.java:996)
	at com.oracle.truffle.js.nodes.function.JSFunctionCallNode$CacheNode.executeCall(JSFunctionCallNode.java:665)
	at com.oracle.truffle.js.nodes.function.JSFunctionCallNode$UninitializedCacheNode.executeCall(JSFunctionCallNode.java:699)
	at com.oracle.truffle.js.nodes.function.JSFunctionCallNode.executeCall(JSFunctionCallNode.java:217)
	at com.oracle.truffle.js.nodes.interop.JSInteropExecuteNode.execute(JSInteropExecuteNode.java:66)
	at com.oracle.truffle.js.parser.foreign.JSForeignAccessFactory$ExecuteNode.common(JSForeignAccessFactory.java:138)
	at com.oracle.truffle.js.parser.foreign.JSForeignAccessFactory$ExecuteNode.access(JSForeignAccessFactory.java:116)
	at com.oracle.truffle.js.parser.foreign.JSForeignAccessFactoryForeign$ExecuteSubNode.accessWithTarget(JSForeignAccessFactoryForeign.java:143)
	at com.oracle.truffle.js.parser.foreign.JSForeignAccessFactoryForeignFactory$ExecuteSubNodeGen.executeAndSpecialize(JSForeignAccessFactoryForeignFactory.java:82)
	at com.oracle.truffle.js.parser.foreign.JSForeignAccessFactoryForeignFactory$ExecuteSubNodeGen.executeWithTarget(JSForeignAccessFactoryForeignFactory.java:66)
	at com.oracle.truffle.js.parser.foreign.JSForeignAccessFactoryForeign$ExecuteSubNode$EXECUTERootNode.execute(JSForeignAccessFactoryForeign.java:169)
	at org.graalvm.compiler.truffle.runtime.OptimizedCallTarget.callProxy(OptimizedCallTarget.java:262)
	at org.graalvm.compiler.truffle.runtime.OptimizedCallTarget.callRoot(OptimizedCallTarget.java:251)
	at org.graalvm.compiler.truffle.runtime.OptimizedCallTarget.callBoundary(OptimizedCallTarget.java:241)
	at org.graalvm.compiler.truffle.runtime.OptimizedCallTarget.doInvoke(OptimizedCallTarget.java:226)
	at org.graalvm.compiler.truffle.runtime.OptimizedCallTarget.callDirect(OptimizedCallTarget.java:209)
	at org.graalvm.compiler.truffle.runtime.OptimizedDirectCallNode.callProxy(OptimizedDirectCallNode.java:86)
	at org.graalvm.compiler.truffle.runtime.OptimizedDirectCallNode.call(OptimizedDirectCallNode.java:70)
	at com.oracle.truffle.api.interop.InteropAccessNode.doCached(InteropAccessNode.java:186)
	at com.oracle.truffle.api.interop.InteropAccessNodeGen.executeAndSpecialize(InteropAccessNodeGen.java:82)
	at com.oracle.truffle.api.interop.InteropAccessNodeGen.executeImpl(InteropAccessNodeGen.java:45)
	at com.oracle.truffle.api.interop.InteropAccessNode.execute(InteropAccessNode.java:67)
	at com.oracle.truffle.api.interop.ForeignAccess.sendExecute(ForeignAccess.java:420)
	at com.oracle.truffle.api.vm.PolyglotValue$Interop$AbstractExecuteNode.executeShared(PolyglotValue.java:2168)
	at com.oracle.truffle.api.vm.PolyglotValue$Interop$ExecuteNode.executeImpl(PolyglotValue.java:2248)
	at com.oracle.truffle.api.vm.PolyglotValue$PolyglotNode.execute(PolyglotValue.java:551)
	at org.graalvm.compiler.truffle.runtime.OptimizedCallTarget.callProxy(OptimizedCallTarget.java:262)
	at org.graalvm.compiler.truffle.runtime.OptimizedCallTarget.callRoot(OptimizedCallTarget.java:251)
	at org.graalvm.compiler.truffle.runtime.OptimizedCallTarget.callBoundary(OptimizedCallTarget.java:241)
	at org.graalvm.compiler.truffle.runtime.OptimizedCallTarget.doInvoke(OptimizedCallTarget.java:226)
	at org.graalvm.compiler.truffle.runtime.GraalTVMCI.callProfiled(GraalTVMCI.java:86)
	at com.oracle.truffle.api.impl.Accessor.callProfiled(Accessor.java:724)
	at com.oracle.truffle.api.vm.VMAccessor.callProfiled(VMAccessor.java:93)
	at com.oracle.truffle.api.vm.PolyglotValue$Interop.execute(PolyglotValue.java:1410)
	at org.graalvm.polyglot.Value.execute(Value.java:312)
	at com.oracle.truffle.trufflenode.GraalJSAccess.isolateEnterPolyglotEngine(GraalJSAccess.java:2286)
Caused by: Attached Guest Language Frames (38)

Frame(d=3): file.choose (called as: file.choose())
Frame(d=2): read.table (called as: read.table(file = file, header = header, sep = sep, quote = quote, )
Frame(d=1): read.csv (called as: read.csv(file.choose()))
Frame(d=0): <repl wrapper> (called as: <invalid call>)
<empty frame>
<unknown frame>
<unknown frame>
<unknown frame>
<unknown frame>
<unknown frame>
<unknown frame>
<unknown frame>
<unknown frame>
<unknown frame>
<unknown frame>
<unknown frame>
<unknown frame>
<unknown frame>
<unknown frame>
<unknown frame>
<unknown frame>
<unknown frame>
<unknown frame>
<unknown frame>
<unknown frame>
<unknown frame>
<unknown frame>
<unknown frame>
<unknown frame>
<unknown frame>
<unknown frame>
<unknown frame>
<unknown frame>
<unknown frame>
<unknown frame>
<unknown frame>
<unknown frame>
<unknown frame>

with frame slot contents:

Frame(d=3): file.choose (called as: file.choose())
      new = [3, null, expr=ConstantLogicalScalarNode@143413cd, 0]
Frame(d=2): read.table (called as: read.table(file = file, header = header, sep = sep, quote = quote, )
      file = [0, org.graalvm.compiler.truffle.runtime.FrameWithoutBoxing@3c9e19de, expr=WrapArgumentNode@6abb7b7d, null]
      header = [0, org.graalvm.compiler.truffle.runtime.FrameWithoutBoxing@3c9e19de, expr=WrapArgumentNode@34cf0e80, null]
      sep = [0, org.graalvm.compiler.truffle.runtime.FrameWithoutBoxing@3c9e19de, expr=WrapArgumentNode@38ef1a0a, null]
      quote = [0, org.graalvm.compiler.truffle.runtime.FrameWithoutBoxing@3c9e19de, expr=WrapArgumentNode@56f9de3b, null]
      dec = [0, org.graalvm.compiler.truffle.runtime.FrameWithoutBoxing@3c9e19de, expr=WrapArgumentNode@6728370a, null]
      numerals = [3, org.graalvm.compiler.truffle.runtime.FrameWithoutBoxing@12aa381f, expr=WrapDefaultArgumentNode@73b0ed03, null]
      row.names = missing
      col.names = missing
      as.is = [3, org.graalvm.compiler.truffle.runtime.FrameWithoutBoxing@12aa381f, expr=WrapDefaultArgumentNode@55061418, null]
      na.strings = [3, null, expr=ConstantObjectNode@27db45f, NA]
      colClasses = [3, null, expr=ConstantLogicalScalarNode@6ec3d8e4, -1]
      nrows = [3, org.graalvm.compiler.truffle.runtime.FrameWithoutBoxing@12aa381f, expr=WrapDefaultArgumentNode@1aeff8ca, null]
      skip = [3, null, expr=ConstantDoubleScalarNode@7f2c995b, 0.0]
      check.names = [3, null, expr=ConstantLogicalScalarNode@101c15ad, 1]
      fill = [0, org.graalvm.compiler.truffle.runtime.FrameWithoutBoxing@3c9e19de, expr=WrapArgumentNode@2b5f8e61, null]
      strip.white = [3, null, expr=ConstantLogicalScalarNode@6068ebb2, 0]
      blank.lines.skip = [3, null, expr=ConstantLogicalScalarNode@5a466dd, 1]
      comment.char = [0, org.graalvm.compiler.truffle.runtime.FrameWithoutBoxing@3c9e19de, expr=WrapArgumentNode@6ba0ee4a, null]
      allowEscapes = [3, null, expr=ConstantLogicalScalarNode@1ed9d173, 0]
      flush = [3, null, expr=ConstantLogicalScalarNode@6e981e78, 0]
      stringsAsFactors = [3, org.graalvm.compiler.truffle.runtime.FrameWithoutBoxing@12aa381f, expr=WrapDefaultArgumentNode@498a4d62, null]
      fileEncoding = [3, null, expr=ConstantObjectNode@6fbe4800, ]
      encoding = [3, null, expr=ConstantObjectNode@3f3c5ecd, unknown]
      text = missing
      skipNul = [3, null, expr=ConstantLogicalScalarNode@1179fc8c, 0]
      Visibility = true
Frame(d=1): read.csv (called as: read.csv(file.choose()))
      file = [18, org.graalvm.compiler.truffle.runtime.FrameWithoutBoxing@6115846e, expr=WrapArgumentNode@71e7830a, null]
      header = [3, null, expr=ConstantLogicalScalarNode@3feebf9c, 1]
      sep = [3, null, expr=ConstantObjectNode@305e95a4, ,]
      quote = [3, null, expr=ConstantObjectNode@55e42684, "]
      dec = [3, null, expr=ConstantObjectNode@18d610e1, .]
      fill = [3, null, expr=ConstantLogicalScalarNode@528e5e38, 1]
      comment.char = [3, null, expr=ConstantObjectNode@16391278, ]
      ... = RArgsValuesAndNames: 
Frame(d=0): <repl wrapper> (called as: <invalid call>)
      Visibility = false
      .Random.seed = active binding
<empty frame>
<unknown frame>
<unknown frame>
<unknown frame>
<unknown frame>
<unknown frame>
<unknown frame>
<unknown frame>
<unknown frame>
<unknown frame>
<unknown frame>
<unknown frame>
<unknown frame>
<unknown frame>
<unknown frame>
<unknown frame>
<unknown frame>
<unknown frame>
<unknown frame>
<unknown frame>
<unknown frame>
<unknown frame>
<unknown frame>
<unknown frame>
<unknown frame>
<unknown frame>
<unknown frame>
<unknown frame>
<unknown frame>
<unknown frame>
<unknown frame>
<unknown frame>
<unknown frame>
<unknown frame>


